Resource Usage Report
Part: lfe3_150ea-8

Register bits: 8734 of 149040 (6%)
PIC Latch:       0
I/O cells:       99

Details:
AND2:           55
BB:             3
CB2:            82
CCU2C:          1237
CU2:            163
DP16KC:         16
DPR16X4C:       108
FADD2B:         152
FD1P3AX:        2951
FD1P3AY:        15
FD1P3BX:        26
FD1P3DX:        649
FD1P3IX:        678
FD1P3JX:        54
FD1S3AX:        2083
FD1S3AY:        13
FD1S3BX:        22
FD1S3DX:        157
FD1S3IX:        1946
FD1S3JX:        139
FSUB2B:         37
GSR:            1
IB:             53
IFS1P3DX:       1
INV:            127
L6MUX21:        422
OB:             42
OBZ:            1
OR2:            2
ORCALUT4:       8443
PDPW16KC:       8
PFUMX:          1047
PUR:            1
ROM16X1A:       64
SP16KC:         1
SPR16X4C:       11
VHI:            191
VLO:            191
XOR2:           46
