Starting process: 

SCUBA, Version ispLever_v8.0_PROD_Build (41)
Fri Feb 05 16:48:12 2010

Copyright (c) 1991-1994 by NeoCAD Inc. All rights reserved.
Copyright (c) 1995 AT&T Corp.   All rights reserved.
Copyright (c) 1995-2001 Lucent Technologies Inc.  All rights reserved.
Copyright (c) 2001 Agere Systems   All rights reserved.
Copyright (c) 2002-2009 Lattice Semiconductor Corporation,  All rights reserved.

BEGIN SCUBA Module Synthesis

    Issued command   : X:\Programme\ispTOOLS_80\ispfpga\bin\nt\scuba.exe -w -n fifo_32kx16x8_mb -lang vhdl -synth synplify -bus_exp 7 -bb -arch ep5m00 -type fifodc -addr_width 15 -data_width 16 -num_words 32768 -rdata_width 8 -no_enable -pe 0 -pf 0 -rfill -fill -e 
    Circuit name     : fifo_32kx16x8_mb
    Module type      : ebfifo
    Module Version   : 5.3
    Ports            : 
	Inputs       : Data[15:0], WrClock, RdClock, WrEn, RdEn, Reset, RPReset, AmEmptyThresh[15:0], AmFullThresh[14:0]
	Outputs      : Q[7:0], WCNT[15:0], RCNT[16:0], Empty, Full, AlmostEmpty, AlmostFull
    I/O buffer       : not inserted
    EDIF output      : suppressed
    VHDL output      : fifo_32kx16x8_mb.vhd
    VHDL template    : fifo_32kx16x8_mb_tmpl.vhd
    VHDL testbench   : tb_fifo_32kx16x8_mb_tmpl.vhd
    VHDL purpose     : for synthesis and simulation
    Bus notation     : big endian
    Report output    : fifo_32kx16x8_mb.srp
    Estimated Resource Usage:
            LUT : 299
            EBR : 32
            Reg : 237

END   SCUBA Module Synthesis

File: .\ipexpress\fifo_32kx16x8_mb\fifo_32kx16x8_mb.lpc created.


End process: completed successfully.


Total Warnings:  0

Total Errors:  0


