D:\Cad\lscc39\diamond\3.9_x64\synpbase\bin64\c_hdl.exe  -osyn  D:\bartz\Documents\Lattice\TrigTDC\TrigTDC\synwork\TrigTDC_TrigTDC_comp.srs  -top  TriggerTDCTop  -hdllog  D:\bartz\Documents\Lattice\TrigTDC\TrigTDC\synlog\TrigTDC_TrigTDC_compiler.srr  -encrypt  -mp  4  -verification_mode 0  -verilog  -prodtype  synplify_pro  -dspmac -fixsmult -infer_seqShift -nram -sdff_counter -divnmod -nostructver   -I D:\bartz\Documents\Lattice\TrigTDC  -I D:\bartz\Documents\Lattice\TrigTDC\TrigTDC\  -I D:\Cad\lscc39\diamond\3.9_x64\synpbase\lib   -v2001  -devicelib  D:\Cad\lscc39\diamond\3.9_x64\synpbase\lib\lucent\ecp3.v  -devicelib  D:\Cad\lscc39\diamond\3.9_x64\synpbase\lib\lucent\pmi_def.v  -encrypt  -pro  -dmgen  D:\bartz\Documents\Lattice\TrigTDC\TrigTDC\dm  -ui -fid2 -ram -sharing on -ll 2000 -autosm  -D_MULTIPLE_FILE_COMPILATION_UNIT_  -lib work D:\bartz\Documents\Lattice\TrigTDC\Source\Ch48.v -lib work D:\bartz\Documents\Lattice\TrigTDC\Source\ClockGen.v -lib work D:\bartz\Documents\Lattice\TrigTDC\Source\comnet.v -lib work D:\bartz\Documents\Lattice\TrigTDC\Source\ComTrans.v -lib work D:\bartz\Documents\Lattice\TrigTDC\Source\DeBounce_v.v -lib work D:\bartz\Documents\Lattice\TrigTDC\Source\FineTimeBit.v -lib work D:\bartz\Documents\Lattice\TrigTDC\Source\hit_cntr.v -lib work D:\bartz\Documents\Lattice\TrigTDC\Source\Input_Reg.v -lib work D:\bartz\Documents\Lattice\TrigTDC\Source\InputBit.v -lib work D:\bartz\Documents\Lattice\TrigTDC\Source\Lanalyzer.v -lib work D:\bartz\Documents\Lattice\TrigTDC\Source\leds.v -lib work D:\bartz\Documents\Lattice\TrigTDC\Source\Ltch8.v -lib work D:\bartz\Documents\Lattice\TrigTDC\Source\Ltch32.v -lib work D:\bartz\Documents\Lattice\TrigTDC\Source\Ltch33.v -lib work D:\bartz\Documents\Lattice\TrigTDC\Source\Ltch40.v -lib work D:\bartz\Documents\Lattice\TrigTDC\Source\Ltch42.v -lib work D:\bartz\Documents\Lattice\TrigTDC\Source\Mux3x32.v -lib work D:\bartz\Documents\Lattice\TrigTDC\Source\Mux16x32.v -lib work D:\bartz\Documents\Lattice\TrigTDC\Source\Register.v -lib work D:\bartz\Documents\Lattice\TrigTDC\Source\SFineTimeBit.v -lib work D:\bartz\Documents\Lattice\TrigTDC\Source\Shift33.v -lib work D:\bartz\Documents\Lattice\TrigTDC\Source\Shift40.v -lib work D:\bartz\Documents\Lattice\TrigTDC\Source\Shift42.v -lib work D:\bartz\Documents\Lattice\TrigTDC\Source\Shiftout32.v -lib work D:\bartz\Documents\Lattice\TrigTDC\Source\StrSt.v -lib work D:\bartz\Documents\Lattice\TrigTDC\Source\sync_cntr.v -lib work D:\bartz\Documents\Lattice\TrigTDC\Source\Teststate.v -lib work D:\bartz\Documents\Lattice\TrigTDC\Source\timestatics.v -lib work D:\bartz\Documents\Lattice\TrigTDC\Source\TriggerTDC.v -lib work D:\bartz\Documents\Lattice\TrigTDC\Source\TriggerTDCTop.v -lib work D:\bartz\Documents\Lattice\TrigTDC\Source\wcomp.v -lib work D:\bartz\Documents\Lattice\TrigTDC\Cpll0.v -lib work D:\bartz\Documents\Lattice\TrigTDC\Cpll1.v -lib work D:\bartz\Documents\Lattice\TrigTDC\Cpll2.v -lib work D:\bartz\Documents\Lattice\TrigTDC\Cpll3.v -lib work D:\bartz\Documents\Lattice\TrigTDC\Cpll.v -lib work D:\bartz\Documents\Lattice\TrigTDC\Cpll4.v -lib work D:\bartz\Documents\Lattice\TrigTDC\readoutfifo.v -lib work D:\bartz\Documents\Lattice\TrigTDC\LA_FIFO.v -lib work D:\bartz\Documents\Lattice\TrigTDC\Source\Lanalyzer0.v -lib work D:\bartz\Documents\Lattice\TrigTDC\Source\SFineTimeBit0.v -lib work D:\bartz\Documents\Lattice\TrigTDC\Source\SFineTimeBit1.v -lib work D:\bartz\Documents\Lattice\TrigTDC\Source\SFineTimeBit2.v -lib work D:\bartz\Documents\Lattice\TrigTDC\Source\SFineTimeBit3.v -lib work D:\bartz\Documents\Lattice\TrigTDC\Source\SFineTimeBit4.v -lib work D:\bartz\Documents\Lattice\TrigTDC\Source\SFineTimeBit5.v 
rc:0 success:1 runtime:4
file:D:\bartz\Documents\Lattice\TrigTDC\TrigTDC\synwork\TrigTDC_TrigTDC_comp.srs|io:o|time:1507147256|size:752499|exec:0
file:D:\bartz\Documents\Lattice\TrigTDC\TrigTDC\synlog\TrigTDC_TrigTDC_compiler.srr|io:o|time:1507147256|size:188283|exec:0
file:D:\Cad\lscc39\diamond\3.9_x64\synpbase\lib\lucent\ecp3.v|io:i|time:1489043644|size:120358|exec:0
file:D:\Cad\lscc39\diamond\3.9_x64\synpbase\lib\lucent\pmi_def.v|io:i|time:1489043644|size:40584|exec:0
file:D:\bartz\Documents\Lattice\TrigTDC\Source\Ch48.v|io:i|time:1496235737|size:19073|exec:0
file:D:\bartz\Documents\Lattice\TrigTDC\Source\ClockGen.v|io:i|time:1491943058|size:4523|exec:0
file:D:\bartz\Documents\Lattice\TrigTDC\Source\comnet.v|io:i|time:1489091584|size:2809|exec:0
file:D:\bartz\Documents\Lattice\TrigTDC\Source\ComTrans.v|io:i|time:1491507402|size:2198|exec:0
file:D:\bartz\Documents\Lattice\TrigTDC\Source\DeBounce_v.v|io:i|time:1485193200|size:858|exec:0
file:D:\bartz\Documents\Lattice\TrigTDC\Source\FineTimeBit.v|io:i|time:1496235267|size:6437|exec:0
file:D:\bartz\Documents\Lattice\TrigTDC\Source\hit_cntr.v|io:i|time:1492437414|size:5002|exec:0
file:D:\bartz\Documents\Lattice\TrigTDC\Source\Input_Reg.v|io:i|time:1489764240|size:1017|exec:0
file:D:\bartz\Documents\Lattice\TrigTDC\Source\InputBit.v|io:i|time:1473882138|size:434|exec:0
file:D:\bartz\Documents\Lattice\TrigTDC\Source\Lanalyzer.v|io:i|time:1489758466|size:2172|exec:0
file:D:\bartz\Documents\Lattice\TrigTDC\Source\leds.v|io:i|time:1461861696|size:896|exec:0
file:D:\bartz\Documents\Lattice\TrigTDC\Source\Ltch8.v|io:i|time:1482173228|size:1206|exec:0
file:D:\bartz\Documents\Lattice\TrigTDC\Source\Ltch32.v|io:i|time:1488210116|size:2854|exec:0
file:D:\bartz\Documents\Lattice\TrigTDC\Source\Ltch33.v|io:i|time:1486566404|size:2922|exec:0
file:D:\bartz\Documents\Lattice\TrigTDC\Source\Ltch40.v|io:i|time:1481140298|size:3473|exec:0
file:D:\bartz\Documents\Lattice\TrigTDC\Source\Ltch42.v|io:i|time:1487967732|size:3541|exec:0
file:D:\bartz\Documents\Lattice\TrigTDC\Source\Mux3x32.v|io:i|time:1475262332|size:861|exec:0
file:D:\bartz\Documents\Lattice\TrigTDC\Source\Mux16x32.v|io:i|time:1475262306|size:1470|exec:0
file:D:\bartz\Documents\Lattice\TrigTDC\Source\Register.v|io:i|time:1488319522|size:1717|exec:0
file:D:\bartz\Documents\Lattice\TrigTDC\Source\SFineTimeBit.v|io:i|time:1492020696|size:7592|exec:0
file:D:\bartz\Documents\Lattice\TrigTDC\Source\Shift33.v|io:i|time:1486566736|size:982|exec:0
file:D:\bartz\Documents\Lattice\TrigTDC\Source\Shift40.v|io:i|time:1485193548|size:1077|exec:0
file:D:\bartz\Documents\Lattice\TrigTDC\Source\Shift42.v|io:i|time:1488317484|size:1137|exec:0
file:D:\bartz\Documents\Lattice\TrigTDC\Source\Shiftout32.v|io:i|time:1488309290|size:1349|exec:0
file:D:\bartz\Documents\Lattice\TrigTDC\Source\StrSt.v|io:i|time:1485192844|size:969|exec:0
file:D:\bartz\Documents\Lattice\TrigTDC\Source\sync_cntr.v|io:i|time:1492448842|size:1371|exec:0
file:D:\bartz\Documents\Lattice\TrigTDC\Source\Teststate.v|io:i|time:1492446076|size:2091|exec:0
file:D:\bartz\Documents\Lattice\TrigTDC\Source\timestatics.v|io:i|time:1492437710|size:3026|exec:0
file:D:\bartz\Documents\Lattice\TrigTDC\Source\TriggerTDC.v|io:i|time:1490109360|size:3552|exec:0
file:D:\bartz\Documents\Lattice\TrigTDC\Source\TriggerTDCTop.v|io:i|time:1507147244|size:3524|exec:0
file:D:\bartz\Documents\Lattice\TrigTDC\Source\wcomp.v|io:i|time:1475767352|size:1232|exec:0
file:D:\bartz\Documents\Lattice\TrigTDC\Cpll0.v|io:i|time:1491494874|size:3438|exec:0
file:D:\bartz\Documents\Lattice\TrigTDC\Cpll1.v|io:i|time:1491841252|size:3237|exec:0
file:D:\bartz\Documents\Lattice\TrigTDC\Cpll2.v|io:i|time:1484860000|size:2799|exec:0
file:D:\bartz\Documents\Lattice\TrigTDC\Cpll3.v|io:i|time:1472739554|size:2805|exec:0
file:D:\bartz\Documents\Lattice\TrigTDC\Cpll.v|io:i|time:1495733320|size:2971|exec:0
file:D:\bartz\Documents\Lattice\TrigTDC\Cpll4.v|io:i|time:1472741850|size:2805|exec:0
file:D:\bartz\Documents\Lattice\TrigTDC\readoutfifo.v|io:i|time:1488402430|size:26741|exec:0
file:D:\bartz\Documents\Lattice\TrigTDC\LA_FIFO.v|io:i|time:1487017950|size:54614|exec:0
file:D:\bartz\Documents\Lattice\TrigTDC\Source\Lanalyzer0.v|io:i|time:1495568200|size:2201|exec:0
file:D:\bartz\Documents\Lattice\TrigTDC\Source\SFineTimeBit0.v|io:i|time:1495568447|size:7784|exec:0
file:D:\bartz\Documents\Lattice\TrigTDC\Source\SFineTimeBit1.v|io:i|time:1495634162|size:7785|exec:0
file:D:\bartz\Documents\Lattice\TrigTDC\Source\SFineTimeBit2.v|io:i|time:1495634151|size:7785|exec:0
file:D:\bartz\Documents\Lattice\TrigTDC\Source\SFineTimeBit3.v|io:i|time:1495634197|size:7785|exec:0
file:D:\bartz\Documents\Lattice\TrigTDC\Source\SFineTimeBit4.v|io:i|time:1495634221|size:7785|exec:0
file:D:\bartz\Documents\Lattice\TrigTDC\Source\SFineTimeBit5.v|io:i|time:1495634245|size:7785|exec:0
file:D:\Cad\lscc39\diamond\3.9_x64\synpbase\bin\c_hdl.exe|io:i|time:1489219168|size:1338368|exec:1
file:D:\Cad\lscc39\diamond\3.9_x64\synpbase\bin64\c_hdl.exe|io:i|time:1489219374|size:1754112|exec:1
