Starting process: Module

Starting process: 

SCUBA, Version Diamond (64-bit) 3.7.1.502
Thu Sep 01 10:19:13 2016

Copyright (c) 1991-1994 by NeoCAD Inc. All rights reserved.
Copyright (c) 1995 AT&T Corp.   All rights reserved.
Copyright (c) 1995-2001 Lucent Technologies Inc.  All rights reserved.
Copyright (c) 2001 Agere Systems   All rights reserved.
Copyright (c) 2002-2016 Lattice Semiconductor Corporation,  All rights reserved.

BEGIN SCUBA Module Synthesis

    Issued command   : D:\Cad\lscc\diamond\3.7_x64\ispfpga\bin\nt64\scuba.exe -w -n Cpll3 -lang verilog -synth synplify -arch ep5c00 -type pll -fin 400 -phase_cntl DYNAMIC -mdiv 1 -ndiv 1 -vdiv 2 -fb_mode CLOCKTREE -duty50 -noclkok -norst -noclkok2 -bw 
    Circuit name     : Cpll3
    Module type      : pll
    Module Version   : 5.7
    Ports            : 
	Inputs       : CLK, FINEDELB0, FINEDELB1, FINEDELB2, FINEDELB3, DPHASE0, DPHASE1, DPHASE2, DPHASE3
	Outputs      : CLKOP, CLKOS, LOCK
    I/O buffer       : not inserted
    EDIF output      : Cpll3.edn
    Verilog output   : Cpll3.v
    Verilog template : Cpll3_tmpl.v
    Verilog purpose  : for synthesis and simulation
    Bus notation     : not used
    Report output    : Cpll3.srp
    Estimated Resource Usage:

END   SCUBA Module Synthesis

File: Cpll3.lpc created.


End process: completed successfully.


Total Warnings:  0

Total Errors:  0


