Resource Usage Report
Part: lfe3_150ea-8

Register bits: 8664 of 149040 (6%)
PIC Latch:       0
I/O cells:       98

Details:
AND2:           55
BB:             3
CB2:            82
CCU2C:          1111
CU2:            163
DP16KC:         16
DPR16X4C:       12
FADD2B:         152
FD1P3AX:        2658
FD1P3AY:        15
FD1P3BX:        26
FD1P3DX:        649
FD1P3IX:        650
FD1P3JX:        50
FD1S3AX:        1911
FD1S3AY:        15
FD1S3BX:        69
FD1S3DX:        533
FD1S3IX:        1947
FD1S3JX:        140
FSUB2B:         37
GSR:            1
IB:             52
IFS1P3DX:       1
INV:            271
L6MUX21:        405
OB:             36
OBZ:            7
OR2:            2
ORCALUT4:       8164
PDPW16KC:       8
PFUMX:          1030
PUR:            1
ROM16X1A:       64
SP16KC:         1
SPR16X4C:       11
VHI:            193
VLO:            193
XOR2:           46
