C:\lscc\diamond\diamond\3.10_x64\synpbase\bin64\c_vhdl.exe  -osyn  C:\Users\ishra\MUSE_Triggers_FPGA\MUSEtrigger__VetoBM_Shraddha\project\trb3_periph_blank\synwork\blank_trb3_periph_blank_hdl_.srs  -top  trb3_periph_blank  -prodtype  synplify_pro  -dspmac -fixsmult -infer_seqShift -nram -sdff_counter -divnmod -nostructver  -encrypt  -pro  -dmgen  C:\Users\ishra\MUSE_Triggers_FPGA\MUSEtrigger__VetoBM_Shraddha\project\trb3_periph_blank\dm  -lite -ui -fid2 -ram -sharing on -ll 2000 -autosm  -ignore_undefined_lib  -lib work C:\Users\ishra\MUSE_Triggers_FPGA\MUSEtrigger__VetoBM_Shraddha\version.vhd -lib work C:\Users\ishra\MUSE_Triggers_FPGA\MUSEtrigger__VetoBM_Shraddha\config.vhd -lib work C:\Users\ishra\MUSE_Triggers_FPGA\trbnet\trb_net_std.vhd -lib work C:\Users\ishra\MUSE_Triggers_FPGA\trbnet\trb_net_components.vhd -lib work C:\Users\ishra\MUSE_Triggers_FPGA\trb3\base\trb3_components.vhd -lib work C:\Users\ishra\MUSE_Triggers_FPGA\trbnet\trb_net16_term_buf.vhd -lib work C:\Users\ishra\MUSE_Triggers_FPGA\trbnet\trb_net_CRC.vhd -lib work C:\Users\ishra\MUSE_Triggers_FPGA\trbnet\trb_net_CRC8.vhd -lib work C:\Users\ishra\MUSE_Triggers_FPGA\trbnet\trb_net_onewire.vhd -lib work C:\Users\ishra\MUSE_Triggers_FPGA\trbnet\trb_net16_addresses.vhd -lib work C:\Users\ishra\MUSE_Triggers_FPGA\trbnet\trb_net16_term.vhd -lib work C:\Users\ishra\MUSE_Triggers_FPGA\trbnet\trb_net_sbuf.vhd -lib work C:\Users\ishra\MUSE_Triggers_FPGA\trbnet\trb_net_sbuf5.vhd -lib work C:\Users\ishra\MUSE_Triggers_FPGA\trbnet\trb_net_sbuf6.vhd -lib work C:\Users\ishra\MUSE_Triggers_FPGA\trbnet\trb_net16_sbuf.vhd -lib work C:\Users\ishra\MUSE_Triggers_FPGA\trbnet\trb_net16_regIO.vhd -lib work C:\Users\ishra\MUSE_Triggers_FPGA\trbnet\trb_net16_regio_bus_handler.vhd -lib work C:\Users\ishra\MUSE_Triggers_FPGA\trbnet\trb_net16_regio_bus_handler_record.vhd -lib work C:\Users\ishra\MUSE_Triggers_FPGA\trbnet\trb_net_priority_encoder.vhd -lib work C:\Users\ishra\MUSE_Triggers_FPGA\trbnet\trb_net_dummy_fifo.vhd -lib work C:\Users\ishra\MUSE_Triggers_FPGA\trbnet\trb_net16_dummy_fifo.vhd -lib work C:\Users\ishra\MUSE_Triggers_FPGA\trbnet\trb_net16_term_ibuf.vhd -lib work C:\Users\ishra\MUSE_Triggers_FPGA\trbnet\trb_net_priority_arbiter.vhd -lib work C:\Users\ishra\MUSE_Triggers_FPGA\trbnet\trb_net_pattern_gen.vhd -lib work C:\Users\ishra\MUSE_Triggers_FPGA\trbnet\trb_net16_obuf_nodata.vhd -lib work C:\Users\ishra\MUSE_Triggers_FPGA\trbnet\trb_net16_obuf.vhd -lib work C:\Users\ishra\MUSE_Triggers_FPGA\trbnet\trb_net16_iobuf.vhd -lib work C:\Users\ishra\MUSE_Triggers_FPGA\trbnet\trb_net16_api_base.vhd -lib work C:\Users\ishra\MUSE_Triggers_FPGA\trbnet\trb_net16_ibuf.vhd -lib work C:\Users\ishra\MUSE_Triggers_FPGA\trbnet\trb_net16_io_multiplexer.vhd -lib work C:\Users\ishra\MUSE_Triggers_FPGA\trbnet\trb_net16_trigger.vhd -lib work C:\Users\ishra\MUSE_Triggers_FPGA\trbnet\trb_net16_ipudata.vhd -lib work C:\Users\ishra\MUSE_Triggers_FPGA\trbnet\trb_net16_endpoint_hades_full.vhd -lib work C:\Users\ishra\MUSE_Triggers_FPGA\trbnet\trb_net16_endpoint_hades_full_handler_record.vhd -lib work C:\Users\ishra\MUSE_Triggers_FPGA\trbnet\basics\rom_16x8.vhd -lib work C:\Users\ishra\MUSE_Triggers_FPGA\trbnet\basics\ram.vhd -lib work C:\Users\ishra\MUSE_Triggers_FPGA\trbnet\basics\pulse_sync.vhd -lib work C:\Users\ishra\MUSE_Triggers_FPGA\trbnet\basics\state_sync.vhd -lib work C:\Users\ishra\MUSE_Triggers_FPGA\trbnet\basics\ram_16x8_dp.vhd -lib work C:\Users\ishra\MUSE_Triggers_FPGA\trbnet\basics\ram_16x16_dp.vhd -lib work C:\Users\ishra\MUSE_Triggers_FPGA\trbnet\basics\ram_dp.vhd -lib work C:\Users\ishra\MUSE_Triggers_FPGA\trbnet\basics\signal_sync.vhd -lib work C:\Users\ishra\MUSE_Triggers_FPGA\trbnet\basics\ram_dp_rw.vhd -lib work C:\Users\ishra\MUSE_Triggers_FPGA\trbnet\basics\pulse_stretch.vhd -lib work C:\Users\ishra\MUSE_Triggers_FPGA\trbnet\special\handler_lvl1.vhd -lib work C:\Users\ishra\MUSE_Triggers_FPGA\trbnet\special\handler_data.vhd -lib work C:\Users\ishra\MUSE_Triggers_FPGA\trbnet\special\handler_ipu.vhd -lib work C:\Users\ishra\MUSE_Triggers_FPGA\trbnet\special\handler_trigger_and_data.vhd -lib work C:\Users\ishra\MUSE_Triggers_FPGA\trbnet\special\trb_net_reset_handler.vhd -lib work C:\Users\ishra\MUSE_Triggers_FPGA\trbnet\special\fpga_reboot.vhd -lib work C:\Users\ishra\MUSE_Triggers_FPGA\trbnet\special\spi_slim.vhd -lib work C:\Users\ishra\MUSE_Triggers_FPGA\trbnet\special\spi_master.vhd -lib work C:\Users\ishra\MUSE_Triggers_FPGA\trbnet\special\spi_databus_memory.vhd -lib work C:\Users\ishra\MUSE_Triggers_FPGA\trbnet\special\spi_flash_and_fpga_reload_record.vhd -lib work C:\Users\ishra\MUSE_Triggers_FPGA\trbnet\special\bus_register_handler.vhd -lib work C:\Users\ishra\MUSE_Triggers_FPGA\trbnet\lattice\ecp3\lattice_ecp2m_fifo.vhd -lib work C:\Users\ishra\MUSE_Triggers_FPGA\trbnet\lattice\ecp3\lattice_ecp3_fifo_18x1k.vhd -lib work C:\Users\ishra\MUSE_Triggers_FPGA\trbnet\lattice\ecp3\lattice_ecp3_fifo_16bit_dualport.vhd -lib work C:\Users\ishra\MUSE_Triggers_FPGA\trbnet\lattice\ecp3\lattice_ecp3_fifo_16x16_dualport.vhd -lib work C:\Users\ishra\MUSE_Triggers_FPGA\trbnet\lattice\ecp3\lattice_ecp3_fifo_18x16_dualport.vhd -lib work C:\Users\ishra\MUSE_Triggers_FPGA\trbnet\lattice\ecp3\spi_dpram_32_to_8.vhd -lib work C:\Users\ishra\MUSE_Triggers_FPGA\trbnet\lattice\ecp3\trb_net16_fifo_arch.vhd -lib work C:\Users\ishra\MUSE_Triggers_FPGA\trbnet\lattice\ecp3\trb_net_fifo_16bit_bram_dualport.vhd -lib work C:\Users\ishra\MUSE_Triggers_FPGA\trbnet\lattice\ecp3\fifo\fifo_36x256_oreg.vhd -lib work C:\Users\ishra\MUSE_Triggers_FPGA\trbnet\lattice\ecp3\fifo\fifo_36x512_oreg.vhd -lib work C:\Users\ishra\MUSE_Triggers_FPGA\trbnet\lattice\ecp3\fifo\fifo_36x1k_oreg.vhd -lib work C:\Users\ishra\MUSE_Triggers_FPGA\trbnet\lattice\ecp3\fifo\fifo_36x2k_oreg.vhd -lib work C:\Users\ishra\MUSE_Triggers_FPGA\trbnet\lattice\ecp3\fifo\fifo_36x4k_oreg.vhd -lib work C:\Users\ishra\MUSE_Triggers_FPGA\trbnet\lattice\ecp3\fifo\fifo_36x8k_oreg.vhd -lib work C:\Users\ishra\MUSE_Triggers_FPGA\trbnet\lattice\ecp3\fifo\fifo_36x16k_oreg.vhd -lib work C:\Users\ishra\MUSE_Triggers_FPGA\trbnet\lattice\ecp3\fifo\fifo_36x32k_oreg.vhd -lib work C:\Users\ishra\MUSE_Triggers_FPGA\trbnet\lattice\ecp3\fifo\fifo_18x256_oreg.vhd -lib work C:\Users\ishra\MUSE_Triggers_FPGA\trbnet\lattice\ecp3\fifo\fifo_18x512_oreg.vhd -lib work C:\Users\ishra\MUSE_Triggers_FPGA\trbnet\lattice\ecp3\fifo\fifo_18x1k_oreg.vhd -lib work C:\Users\ishra\MUSE_Triggers_FPGA\trbnet\lattice\ecp3\fifo\fifo_18x2k_oreg.vhd -lib work C:\Users\ishra\MUSE_Triggers_FPGA\trbnet\lattice\ecp3\fifo\fifo_19x16_obuf.vhd -lib work C:\Users\ishra\MUSE_Triggers_FPGA\trbnet\lattice\ecp3\fifo\fifo_9x2k_oreg.vhd -lib work C:\Users\ishra\MUSE_Triggers_FPGA\trbnet\lattice\ecp2m\fifo\fifo_var_oreg.vhd -lib work C:\Users\ishra\MUSE_Triggers_FPGA\trbnet\media_interfaces\ecp3_sfp\sfp_1_200_int.vhd -lib work C:\Users\ishra\MUSE_Triggers_FPGA\trbnet\media_interfaces\ecp3_sfp\sfp_1_125_int.vhd -lib work C:\Users\ishra\MUSE_Triggers_FPGA\trbnet\media_interfaces\trb_net16_lsm_sfp.vhd -lib work C:\Users\ishra\MUSE_Triggers_FPGA\trbnet\media_interfaces\trb_net16_med_ecp3_sfp.vhd -lib work C:\Users\ishra\MUSE_Triggers_FPGA\trb3\base\code\trb3_tools.vhd -lib work C:\Users\ishra\MUSE_Triggers_FPGA\trb3sc\code\lcd.vhd -lib work C:\Users\ishra\MUSE_Triggers_FPGA\trb3sc\code\debuguart.vhd -lib work C:\Users\ishra\MUSE_Triggers_FPGA\trbnet\special\uart.vhd -lib work C:\Users\ishra\MUSE_Triggers_FPGA\trbnet\special\uart_rec.vhd -lib work C:\Users\ishra\MUSE_Triggers_FPGA\trbnet\special\uart_trans.vhd -lib work C:\Users\ishra\MUSE_Triggers_FPGA\trbnet\special\spi_ltc2600.vhd -lib work C:\Users\ishra\MUSE_Triggers_FPGA\trbnet\optical_link\f_divider.vhd -lib work C:\Users\ishra\MUSE_Triggers_FPGA\trb3sc\code\load_settings.vhd -lib work C:\Users\ishra\MUSE_Triggers_FPGA\trb3sc\code\spi_master_generic.vhd -lib work C:\Users\ishra\MUSE_Triggers_FPGA\trb3\base\code\input_to_trigger_logic_record.vhd -lib work C:\Users\ishra\MUSE_Triggers_FPGA\trb3\base\code\input_statistics.vhd -lib work C:\Users\ishra\MUSE_Triggers_FPGA\trb3\base\code\sedcheck.vhd -lib work C:\Users\ishra\MUSE_Triggers_FPGA\MUSEtrigger__VetoBM_Shraddha\trb3_periph_blank.vhd -lib work C:\Users\ishra\MUSE_Triggers_FPGA\MUSEtrigger__VetoBM_Shraddha\workdir\pll_in200_out100.vhd -lib work C:\Users\ishra\MUSE_Triggers_FPGA\MUSEtrigger__VetoBM_Shraddha\Source\basic_type_declaration.vhd -lib work C:\Users\ishra\MUSE_Triggers_FPGA\MUSEtrigger__VetoBM_Shraddha\Source\OrAll.vhd -lib work C:\Users\ishra\MUSE_Triggers_FPGA\MUSEtrigger__VetoBM_Shraddha\Source\BackOr5.vhd -lib work C:\Users\ishra\MUSE_Triggers_FPGA\MUSEtrigger__VetoBM_Shraddha\Source\Or8.vhd -lib work C:\Users\ishra\MUSE_Triggers_FPGA\MUSEtrigger__VetoBM_Shraddha\Source\Or18.vhd -lib work C:\Users\ishra\MUSE_Triggers_FPGA\MUSEtrigger__VetoBM_Shraddha\Source\PlaneOr.vhd -lib work C:\Users\ishra\MUSE_Triggers_FPGA\MUSEtrigger__VetoBM_Shraddha\Source\signal_stretch_48.vhd -lib work C:\Users\ishra\MUSE_Triggers_FPGA\MUSEtrigger__VetoBM_Shraddha\Source\signal_stretch.vhd -lib work C:\Users\ishra\MUSE_Triggers_FPGA\MUSEtrigger__VetoBM_Shraddha\Source\And6.vhd -lib work C:\Users\ishra\MUSE_Triggers_FPGA\MUSEtrigger__VetoBM_Shraddha\Source\BackOr3.vhd -lib work C:\Users\ishra\MUSE_Triggers_FPGA\MUSEtrigger__VetoBM_Shraddha\Source\Or_plane_each.vhd -lib work C:\Users\ishra\MUSE_Triggers_FPGA\MUSEtrigger__VetoBM_Shraddha\Source\signal_Delay.vhd -lib work C:\Users\ishra\MUSE_Triggers_FPGA\MUSEtrigger__VetoBM_Shraddha\Source\Veto_Logic.vhd -lib work C:\Users\ishra\MUSE_Triggers_FPGA\MUSEtrigger__VetoBM_Shraddha\Source\Veto_BM.vhd -lib work C:\Users\ishra\MUSE_Triggers_FPGA\MUSEtrigger__VetoBM_Shraddha\Source\BM_Trig_Logic.vhd -lib work C:\Users\ishra\MUSE_Triggers_FPGA\MUSEtrigger__VetoBM_Shraddha\Source\BM_control.vhd -lib work C:\Users\ishra\MUSE_Triggers_FPGA\MUSEtrigger__VetoBM_Shraddha\Source\signal_stretch_many.vhd -lib work C:\Users\ishra\MUSE_Triggers_FPGA\MUSEtrigger__VetoBM_Shraddha\Source\Veto_OrAll.vhd -lib work C:\Users\ishra\MUSE_Triggers_FPGA\MUSEtrigger__VetoBM_Shraddha\Source\BM_OrAll.vhd -lib work C:\Users\ishra\MUSE_Triggers_FPGA\MUSEtrigger__VetoBM_Shraddha\project\BigBars_OrAll.vhd -lib work C:\Users\ishra\MUSE_Triggers_FPGA\MUSEtrigger__VetoBM_Shraddha\project\SmallBars_TrigLogic.vhd  -log  C:\Users\ishra\MUSE_Triggers_FPGA\MUSEtrigger__VetoBM_Shraddha\project\trb3_periph_blank\syntax.log  -fileorder  C:\Users\ishra\MUSE_Triggers_FPGA\MUSEtrigger__VetoBM_Shraddha\project\trb3_periph_blank\syntmp\hdlorder.tcl  -jobname  "hdl_info_gen" 
relcom:..\..\..\..\..\..\..\lscc\diamond\diamond\3.10_x64\synpbase\bin64\c_vhdl.exe -osyn ..\synwork\blank_trb3_periph_blank_hdl_.srs -top trb3_periph_blank -prodtype synplify_pro -dspmac -fixsmult -infer_seqShift -nram -sdff_counter -divnmod -nostructver -encrypt -pro -dmgen ..\dm -lite -ui -fid2 -ram -sharing on -ll 2000 -autosm -ignore_undefined_lib -lib work ..\..\..\version.vhd -lib work ..\..\..\config.vhd -lib work ..\..\..\..\trbnet\trb_net_std.vhd -lib work ..\..\..\..\trbnet\trb_net_components.vhd -lib work ..\..\..\..\trb3\base\trb3_components.vhd -lib work ..\..\..\..\trbnet\trb_net16_term_buf.vhd -lib work ..\..\..\..\trbnet\trb_net_CRC.vhd -lib work ..\..\..\..\trbnet\trb_net_CRC8.vhd -lib work ..\..\..\..\trbnet\trb_net_onewire.vhd -lib work ..\..\..\..\trbnet\trb_net16_addresses.vhd -lib work ..\..\..\..\trbnet\trb_net16_term.vhd -lib work ..\..\..\..\trbnet\trb_net_sbuf.vhd -lib work ..\..\..\..\trbnet\trb_net_sbuf5.vhd -lib work ..\..\..\..\trbnet\trb_net_sbuf6.vhd -lib work ..\..\..\..\trbnet\trb_net16_sbuf.vhd -lib work ..\..\..\..\trbnet\trb_net16_regIO.vhd -lib work ..\..\..\..\trbnet\trb_net16_regio_bus_handler.vhd -lib work ..\..\..\..\trbnet\trb_net16_regio_bus_handler_record.vhd -lib work ..\..\..\..\trbnet\trb_net_priority_encoder.vhd -lib work ..\..\..\..\trbnet\trb_net_dummy_fifo.vhd -lib work ..\..\..\..\trbnet\trb_net16_dummy_fifo.vhd -lib work ..\..\..\..\trbnet\trb_net16_term_ibuf.vhd -lib work ..\..\..\..\trbnet\trb_net_priority_arbiter.vhd -lib work ..\..\..\..\trbnet\trb_net_pattern_gen.vhd -lib work ..\..\..\..\trbnet\trb_net16_obuf_nodata.vhd -lib work ..\..\..\..\trbnet\trb_net16_obuf.vhd -lib work ..\..\..\..\trbnet\trb_net16_iobuf.vhd -lib work ..\..\..\..\trbnet\trb_net16_api_base.vhd -lib work ..\..\..\..\trbnet\trb_net16_ibuf.vhd -lib work ..\..\..\..\trbnet\trb_net16_io_multiplexer.vhd -lib work ..\..\..\..\trbnet\trb_net16_trigger.vhd -lib work ..\..\..\..\trbnet\trb_net16_ipudata.vhd -lib work ..\..\..\..\trbnet\trb_net16_endpoint_hades_full.vhd -lib work ..\..\..\..\trbnet\trb_net16_endpoint_hades_full_handler_record.vhd -lib work ..\..\..\..\trbnet\basics\rom_16x8.vhd -lib work ..\..\..\..\trbnet\basics\ram.vhd -lib work ..\..\..\..\trbnet\basics\pulse_sync.vhd -lib work ..\..\..\..\trbnet\basics\state_sync.vhd -lib work ..\..\..\..\trbnet\basics\ram_16x8_dp.vhd -lib work ..\..\..\..\trbnet\basics\ram_16x16_dp.vhd -lib work ..\..\..\..\trbnet\basics\ram_dp.vhd -lib work ..\..\..\..\trbnet\basics\signal_sync.vhd -lib work ..\..\..\..\trbnet\basics\ram_dp_rw.vhd -lib work ..\..\..\..\trbnet\basics\pulse_stretch.vhd -lib work ..\..\..\..\trbnet\special\handler_lvl1.vhd -lib work ..\..\..\..\trbnet\special\handler_data.vhd -lib work ..\..\..\..\trbnet\special\handler_ipu.vhd -lib work ..\..\..\..\trbnet\special\handler_trigger_and_data.vhd -lib work ..\..\..\..\trbnet\special\trb_net_reset_handler.vhd -lib work ..\..\..\..\trbnet\special\fpga_reboot.vhd -lib work ..\..\..\..\trbnet\special\spi_slim.vhd -lib work ..\..\..\..\trbnet\special\spi_master.vhd -lib work ..\..\..\..\trbnet\special\spi_databus_memory.vhd -lib work ..\..\..\..\trbnet\special\spi_flash_and_fpga_reload_record.vhd -lib work ..\..\..\..\trbnet\special\bus_register_handler.vhd -lib work ..\..\..\..\trbnet\lattice\ecp3\lattice_ecp2m_fifo.vhd -lib work ..\..\..\..\trbnet\lattice\ecp3\lattice_ecp3_fifo_18x1k.vhd -lib work ..\..\..\..\trbnet\lattice\ecp3\lattice_ecp3_fifo_16bit_dualport.vhd -lib work ..\..\..\..\trbnet\lattice\ecp3\lattice_ecp3_fifo_16x16_dualport.vhd -lib work ..\..\..\..\trbnet\lattice\ecp3\lattice_ecp3_fifo_18x16_dualport.vhd -lib work ..\..\..\..\trbnet\lattice\ecp3\spi_dpram_32_to_8.vhd -lib work ..\..\..\..\trbnet\lattice\ecp3\trb_net16_fifo_arch.vhd -lib work ..\..\..\..\trbnet\lattice\ecp3\trb_net_fifo_16bit_bram_dualport.vhd -lib work ..\..\..\..\trbnet\lattice\ecp3\fifo\fifo_36x256_oreg.vhd -lib work ..\..\..\..\trbnet\lattice\ecp3\fifo\fifo_36x512_oreg.vhd -lib work ..\..\..\..\trbnet\lattice\ecp3\fifo\fifo_36x1k_oreg.vhd -lib work ..\..\..\..\trbnet\lattice\ecp3\fifo\fifo_36x2k_oreg.vhd -lib work ..\..\..\..\trbnet\lattice\ecp3\fifo\fifo_36x4k_oreg.vhd -lib work ..\..\..\..\trbnet\lattice\ecp3\fifo\fifo_36x8k_oreg.vhd -lib work ..\..\..\..\trbnet\lattice\ecp3\fifo\fifo_36x16k_oreg.vhd -lib work ..\..\..\..\trbnet\lattice\ecp3\fifo\fifo_36x32k_oreg.vhd -lib work ..\..\..\..\trbnet\lattice\ecp3\fifo\fifo_18x256_oreg.vhd -lib work ..\..\..\..\trbnet\lattice\ecp3\fifo\fifo_18x512_oreg.vhd -lib work ..\..\..\..\trbnet\lattice\ecp3\fifo\fifo_18x1k_oreg.vhd -lib work ..\..\..\..\trbnet\lattice\ecp3\fifo\fifo_18x2k_oreg.vhd -lib work ..\..\..\..\trbnet\lattice\ecp3\fifo\fifo_19x16_obuf.vhd -lib work ..\..\..\..\trbnet\lattice\ecp3\fifo\fifo_9x2k_oreg.vhd -lib work ..\..\..\..\trbnet\lattice\ecp2m\fifo\fifo_var_oreg.vhd -lib work ..\..\..\..\trbnet\media_interfaces\ecp3_sfp\sfp_1_200_int.vhd -lib work ..\..\..\..\trbnet\media_interfaces\ecp3_sfp\sfp_1_125_int.vhd -lib work ..\..\..\..\trbnet\media_interfaces\trb_net16_lsm_sfp.vhd -lib work ..\..\..\..\trbnet\media_interfaces\trb_net16_med_ecp3_sfp.vhd -lib work ..\..\..\..\trb3\base\code\trb3_tools.vhd -lib work ..\..\..\..\trb3sc\code\lcd.vhd -lib work ..\..\..\..\trb3sc\code\debuguart.vhd -lib work ..\..\..\..\trbnet\special\uart.vhd -lib work ..\..\..\..\trbnet\special\uart_rec.vhd -lib work ..\..\..\..\trbnet\special\uart_trans.vhd -lib work ..\..\..\..\trbnet\special\spi_ltc2600.vhd -lib work ..\..\..\..\trbnet\optical_link\f_divider.vhd -lib work ..\..\..\..\trb3sc\code\load_settings.vhd -lib work ..\..\..\..\trb3sc\code\spi_master_generic.vhd -lib work ..\..\..\..\trb3\base\code\input_to_trigger_logic_record.vhd -lib work ..\..\..\..\trb3\base\code\input_statistics.vhd -lib work ..\..\..\..\trb3\base\code\sedcheck.vhd -lib work ..\..\..\trb3_periph_blank.vhd -lib work ..\..\..\workdir\pll_in200_out100.vhd -lib work ..\..\..\Source\basic_type_declaration.vhd -lib work ..\..\..\Source\OrAll.vhd -lib work ..\..\..\Source\BackOr5.vhd -lib work ..\..\..\Source\Or8.vhd -lib work ..\..\..\Source\Or18.vhd -lib work ..\..\..\Source\PlaneOr.vhd -lib work ..\..\..\Source\signal_stretch_48.vhd -lib work ..\..\..\Source\signal_stretch.vhd -lib work ..\..\..\Source\And6.vhd -lib work ..\..\..\Source\BackOr3.vhd -lib work ..\..\..\Source\Or_plane_each.vhd -lib work ..\..\..\Source\signal_Delay.vhd -lib work ..\..\..\Source\Veto_Logic.vhd -lib work ..\..\..\Source\Veto_BM.vhd -lib work ..\..\..\Source\BM_Trig_Logic.vhd -lib work ..\..\..\Source\BM_control.vhd -lib work ..\..\..\Source\signal_stretch_many.vhd -lib work ..\..\..\Source\Veto_OrAll.vhd -lib work ..\..\..\Source\BM_OrAll.vhd -lib work ..\..\BigBars_OrAll.vhd -lib work ..\..\SmallBars_TrigLogic.vhd -log ..\syntax.log -fileorder hdlorder.tcl -jobname "hdl_info_gen"
rc:0 success:1 runtime:1
file:..\synwork\blank_trb3_periph_blank_hdl_.srs|io:o|time:0|size:0|exec:0|csum:
file:..\..\..\version.vhd|io:i|time:1550520332|size:313|exec:0|csum:FF3E0E447B25CCF28CAFD1BF61349BD0
file:..\..\..\config.vhd|io:i|time:1550520332|size:4881|exec:0|csum:678B8DA8CA49798515258250B4C78462
file:..\..\..\..\trbnet\trb_net_std.vhd|io:i|time:1550520332|size:15836|exec:0|csum:42BB1828B5EF338927C2C9CAE4A4344C
file:..\..\..\..\trbnet\trb_net_components.vhd|io:i|time:1550520332|size:149525|exec:0|csum:A7101AB886CD06A6F9A53BF96FEC3A6D
file:..\..\..\..\trb3\base\trb3_components.vhd|io:i|time:1550520327|size:60280|exec:0|csum:2A0362AB3339D38C292257D1E662BCEA
file:..\..\..\..\trbnet\trb_net16_term_buf.vhd|io:i|time:1550520332|size:9015|exec:0|csum:431B35EDABD29DB4E1F7E1F79AC57A1E
file:..\..\..\..\trbnet\trb_net_CRC.vhd|io:i|time:1550520332|size:2904|exec:0|csum:DF8B641578B55611C8024839F35AB5F9
file:..\..\..\..\trbnet\trb_net_CRC8.vhd|io:i|time:1550520332|size:2642|exec:0|csum:5CC2EF02403685B7898CC454937126C1
file:..\..\..\..\trbnet\trb_net_onewire.vhd|io:i|time:1550520332|size:14003|exec:0|csum:30B210FBD8487E2865AB75A5B4CAD402
file:..\..\..\..\trbnet\trb_net16_addresses.vhd|io:i|time:1550520332|size:11421|exec:0|csum:F5439CFAE76CB4DCA1EEE6A3EB0437DB
file:..\..\..\..\trbnet\trb_net16_term.vhd|io:i|time:1550520332|size:6115|exec:0|csum:563E629C92A8B46D9FF28874BD44F1E5
file:..\..\..\..\trbnet\trb_net_sbuf.vhd|io:i|time:1550520332|size:10495|exec:0|csum:E93886058378D7DE57CC11E172E05572
file:..\..\..\..\trbnet\trb_net_sbuf5.vhd|io:i|time:1550520332|size:11732|exec:0|csum:8952D6B7D17E5D6D4EB41DD03320DC3A
file:..\..\..\..\trbnet\trb_net_sbuf6.vhd|io:i|time:1550520332|size:1253|exec:0|csum:3898D81610188280378DAC91DEACD67D
file:..\..\..\..\trbnet\trb_net16_sbuf.vhd|io:i|time:1550520332|size:6575|exec:0|csum:C53DB8BF8AE4C0295AFF884973420543
file:..\..\..\..\trbnet\trb_net16_regIO.vhd|io:i|time:1550520332|size:45945|exec:0|csum:67DA236E80A4A20EAACF6A13AEE57B4F
file:..\..\..\..\trbnet\trb_net16_regio_bus_handler.vhd|io:i|time:1550520332|size:8023|exec:0|csum:E49D6763EB106B9421D8BB6F59AA066C
file:..\..\..\..\trbnet\trb_net16_regio_bus_handler_record.vhd|io:i|time:1550520332|size:7400|exec:0|csum:44FB2C1FDBA2AA569CEE318AF8A90D12
file:..\..\..\..\trbnet\trb_net_priority_encoder.vhd|io:i|time:1550520332|size:1533|exec:0|csum:F5514C9390011009B5AE7E8D1257C96E
file:..\..\..\..\trbnet\trb_net_dummy_fifo.vhd|io:i|time:1550520332|size:2231|exec:0|csum:F85CD6516BD80CC0B69867C9F202BBCC
file:..\..\..\..\trbnet\trb_net16_dummy_fifo.vhd|io:i|time:1550520332|size:2124|exec:0|csum:CF05FCDD447AE82CAD5E2F24BD592EDC
file:..\..\..\..\trbnet\trb_net16_term_ibuf.vhd|io:i|time:1550520332|size:7073|exec:0|csum:40CEBA699FC89243BD6E9E032CFD0634
file:..\..\..\..\trbnet\trb_net_priority_arbiter.vhd|io:i|time:1550520332|size:6642|exec:0|csum:CA04E524A264B658D533F067652FE8A6
file:..\..\..\..\trbnet\trb_net_pattern_gen.vhd|io:i|time:1550520332|size:959|exec:0|csum:509152F09C37CC05805C8744BB47281A
file:..\..\..\..\trbnet\trb_net16_obuf_nodata.vhd|io:i|time:1550520332|size:4590|exec:0|csum:1104F75637F593A96BC15FBA47F92986
file:..\..\..\..\trbnet\trb_net16_obuf.vhd|io:i|time:1550520332|size:23517|exec:0|csum:46BB848F11C40F0D09835B6C6D41E023
file:..\..\..\..\trbnet\trb_net16_iobuf.vhd|io:i|time:1550520332|size:13118|exec:0|csum:7F761A0E6A6180A1A3D45A42AE34D285
file:..\..\..\..\trbnet\trb_net16_api_base.vhd|io:i|time:1550520332|size:43665|exec:0|csum:19D979FF4A1F18FCF398401CD962B5EB
file:..\..\..\..\trbnet\trb_net16_ibuf.vhd|io:i|time:1550520332|size:21101|exec:0|csum:5243B4CBFBE384F32EE539D89902EE26
file:..\..\..\..\trbnet\trb_net16_io_multiplexer.vhd|io:i|time:1550520332|size:14600|exec:0|csum:E03B221F241545CD799211459ACA9ADB
file:..\..\..\..\trbnet\trb_net16_trigger.vhd|io:i|time:1550520332|size:9456|exec:0|csum:FA493B40A9BD9DD086AFD9873D7D9377
file:..\..\..\..\trbnet\trb_net16_ipudata.vhd|io:i|time:1550520332|size:13959|exec:0|csum:D8E1452FF49D1D22ED3E763110AEE3A3
file:..\..\..\..\trbnet\trb_net16_endpoint_hades_full.vhd|io:i|time:1550520332|size:56802|exec:0|csum:6301A02E1CE287D4B3198BEB626AD510
file:..\..\..\..\trbnet\trb_net16_endpoint_hades_full_handler_record.vhd|io:i|time:1550520332|size:28298|exec:0|csum:5E7994265D620C32327309097676B0E5
file:..\..\..\..\trbnet\basics\rom_16x8.vhd|io:i|time:1550520330|size:1296|exec:0|csum:18594F469770F95392E1E342BFC709A7
file:..\..\..\..\trbnet\basics\ram.vhd|io:i|time:1550520330|size:858|exec:0|csum:02DDB7C5578F1285364FE58E84ED5C93
file:..\..\..\..\trbnet\basics\pulse_sync.vhd|io:i|time:1550520330|size:1657|exec:0|csum:012015945AB02DFABF4C382849D9F85F
file:..\..\..\..\trbnet\basics\state_sync.vhd|io:i|time:1550520330|size:877|exec:0|csum:B150D0099F1626547F4BE0A0C536FD87
file:..\..\..\..\trbnet\basics\ram_16x8_dp.vhd|io:i|time:1550520330|size:1452|exec:0|csum:FD5E1312AA1986173AF92F11D474F9A4
file:..\..\..\..\trbnet\basics\ram_16x16_dp.vhd|io:i|time:1550520330|size:2051|exec:0|csum:23AF368254E6DDDB49AFA8C99AFBD932
file:..\..\..\..\trbnet\basics\ram_dp.vhd|io:i|time:1550520330|size:1113|exec:0|csum:CEDC8FF96F173800F404D2D6F829536C
file:..\..\..\..\trbnet\basics\signal_sync.vhd|io:i|time:1550520330|size:1873|exec:0|csum:EA344A32593A459836985A63BAF94BBB
file:..\..\..\..\trbnet\basics\ram_dp_rw.vhd|io:i|time:1550520330|size:1058|exec:0|csum:C0CDF5BCE762B08FD57EFF78B0728013
file:..\..\..\..\trbnet\basics\pulse_stretch.vhd|io:i|time:1550520330|size:1431|exec:0|csum:D2970E7BFEB6A4580F635F718EF7B689
file:..\..\..\..\trbnet\special\handler_lvl1.vhd|io:i|time:1550520332|size:26953|exec:0|csum:58D7F20C89288F1A04B25DDB42CE6512
file:..\..\..\..\trbnet\special\handler_data.vhd|io:i|time:1550520332|size:21944|exec:0|csum:0CDC51058806761972FBFF359536407B
file:..\..\..\..\trbnet\special\handler_ipu.vhd|io:i|time:1550520332|size:20394|exec:0|csum:2B1A1ED59AB210C2BE1ADDBCFF187F14
file:..\..\..\..\trbnet\special\handler_trigger_and_data.vhd|io:i|time:1550520332|size:16390|exec:0|csum:C1260FAE44A96A1D6DD97BCD935ABEE9
file:..\..\..\..\trbnet\special\trb_net_reset_handler.vhd|io:i|time:1550520332|size:5639|exec:0|csum:2C0C03C1DC225D90676172F82AC01E4E
file:..\..\..\..\trbnet\special\fpga_reboot.vhd|io:i|time:1550520332|size:1076|exec:0|csum:ED5D0EE38BB444593437A4406FCB889D
file:..\..\..\..\trbnet\special\spi_slim.vhd|io:i|time:1550520332|size:24438|exec:0|csum:E7028EDBAFF2895F6879ECE3B5D04CB2
file:..\..\..\..\trbnet\special\spi_master.vhd|io:i|time:1550520332|size:9382|exec:0|csum:FD8F9833FAD191A0FBE1E0F8A90D36FA
file:..\..\..\..\trbnet\special\spi_databus_memory.vhd|io:i|time:1550520332|size:4575|exec:0|csum:8C7A4E3589AC842AD59A336003A4FC65
file:..\..\..\..\trbnet\special\spi_flash_and_fpga_reload_record.vhd|io:i|time:1550520332|size:5751|exec:0|csum:64B7B581F0AA40D20DEED401539DBC88
file:..\..\..\..\trbnet\special\bus_register_handler.vhd|io:i|time:1550520332|size:2335|exec:0|csum:05C94B09F95E10D8419ECFD41E1DD6DE
file:..\..\..\..\trbnet\lattice\ecp3\lattice_ecp2m_fifo.vhd|io:i|time:1550520331|size:11364|exec:0|csum:9CBDA908599FB654D925A9E7A9FFADE7
file:..\..\..\..\trbnet\lattice\ecp3\lattice_ecp3_fifo_18x1k.vhd|io:i|time:1550520331|size:29141|exec:0|csum:4006ACF8160067DE44B98715FE68EB54
file:..\..\..\..\trbnet\lattice\ecp3\lattice_ecp3_fifo_16bit_dualport.vhd|io:i|time:1550520331|size:35620|exec:0|csum:E5350936ACEF39ED0590019144106587
file:..\..\..\..\trbnet\lattice\ecp3\lattice_ecp3_fifo_16x16_dualport.vhd|io:i|time:1550520331|size:32876|exec:0|csum:4B439792781BD8332AFF5D54C0DB74F7
file:..\..\..\..\trbnet\lattice\ecp3\lattice_ecp3_fifo_18x16_dualport.vhd|io:i|time:1550520331|size:33929|exec:0|csum:AB1069A86E0576FDB3B90BC877CC0FB8
file:..\..\..\..\trbnet\lattice\ecp3\spi_dpram_32_to_8.vhd|io:i|time:1550520331|size:11579|exec:0|csum:EF64153F43A3C966B5899DA9AAB69B38
file:..\..\..\..\trbnet\lattice\ecp3\trb_net16_fifo_arch.vhd|io:i|time:1550520331|size:5077|exec:0|csum:089035411F986B78C561BE3E6098A5CF
file:..\..\..\..\trbnet\lattice\ecp3\trb_net_fifo_16bit_bram_dualport.vhd|io:i|time:1550520331|size:2045|exec:0|csum:76076782089F2CD50741D2DF5B8A1AEB
file:..\..\..\..\trbnet\lattice\ecp3\fifo\fifo_36x256_oreg.vhd|io:i|time:1550520331|size:33376|exec:0|csum:1755E665360BB60B0943569844F30FD9
file:..\..\..\..\trbnet\lattice\ecp3\fifo\fifo_36x512_oreg.vhd|io:i|time:1550520331|size:34687|exec:0|csum:957F405DE06E7EF7D6FFA7924691F2BA
file:..\..\..\..\trbnet\lattice\ecp3\fifo\fifo_36x1k_oreg.vhd|io:i|time:1550520331|size:40621|exec:0|csum:778A9D388366F035886D49D551BE5454
file:..\..\..\..\trbnet\lattice\ecp3\fifo\fifo_36x2k_oreg.vhd|io:i|time:1550520331|size:47326|exec:0|csum:49B4C28F51554750010E4FF6DB6E7C8A
file:..\..\..\..\trbnet\lattice\ecp3\fifo\fifo_36x4k_oreg.vhd|io:i|time:1550520331|size:68388|exec:0|csum:B419271E97530F1359EB2D21B51DE5E1
file:..\..\..\..\trbnet\lattice\ecp3\fifo\fifo_36x8k_oreg.vhd|io:i|time:1550520331|size:96814|exec:0|csum:6EBDB1C495A2BFC92E23C71AD2A54DFE
file:..\..\..\..\trbnet\lattice\ecp3\fifo\fifo_36x16k_oreg.vhd|io:i|time:1550520331|size:152318|exec:0|csum:86181BEA98C2C6EAB8A163BAECAC80D9
file:..\..\..\..\trbnet\lattice\ecp3\fifo\fifo_36x32k_oreg.vhd|io:i|time:1550520331|size:289549|exec:0|csum:B7A40EFF332FDF88885D78145EA65C4F
file:..\..\..\..\trbnet\lattice\ecp3\fifo\fifo_18x256_oreg.vhd|io:i|time:1550520331|size:34022|exec:0|csum:BFD5F57F39A359498593B677D036DFF3
file:..\..\..\..\trbnet\lattice\ecp3\fifo\fifo_18x512_oreg.vhd|io:i|time:1550520331|size:34687|exec:0|csum:36E2697D53A755F2446FAA7CAF09CAC7
file:..\..\..\..\trbnet\lattice\ecp3\fifo\fifo_18x1k_oreg.vhd|io:i|time:1550520331|size:37934|exec:0|csum:DCC8680B269D7906197EB25F24A41E7B
file:..\..\..\..\trbnet\lattice\ecp3\fifo\fifo_18x2k_oreg.vhd|io:i|time:1550520331|size:41964|exec:0|csum:3071D4F234B892B582E5391BC3672FE9
file:..\..\..\..\trbnet\lattice\ecp3\fifo\fifo_19x16_obuf.vhd|io:i|time:1550520331|size:25618|exec:0|csum:B18683DC954712C074FE96217C61CB6C
file:..\..\..\..\trbnet\lattice\ecp3\fifo\fifo_9x2k_oreg.vhd|io:i|time:1550520331|size:27756|exec:0|csum:7F3BF0D007F7DEF137702A8ED88A0777
file:..\..\..\..\trbnet\lattice\ecp2m\fifo\fifo_var_oreg.vhd|io:i|time:1550520331|size:8313|exec:0|csum:D61678AA7F4E58BE4C2755B8D5A471C7
file:..\..\..\..\trbnet\media_interfaces\ecp3_sfp\sfp_1_200_int.vhd|io:i|time:1550520331|size:121811|exec:0|csum:E598F40FBA3DB89C8FDBEC22BC0C0841
file:..\..\..\..\trbnet\media_interfaces\ecp3_sfp\sfp_1_125_int.vhd|io:i|time:1550520331|size:121865|exec:0|csum:7B3024DE0BBFA440AD1BD26EAEAC5D12
file:..\..\..\..\trbnet\media_interfaces\trb_net16_lsm_sfp.vhd|io:i|time:1550520331|size:16840|exec:0|csum:7FBB37CC014682BFC22D0059497D1B4A
file:..\..\..\..\trbnet\media_interfaces\trb_net16_med_ecp3_sfp.vhd|io:i|time:1550520331|size:36393|exec:0|csum:E2391FE5F12885DBE3157924FA74FE37
file:..\..\..\..\trb3\base\code\trb3_tools.vhd|io:i|time:1550520327|size:11486|exec:0|csum:789D526AC8A581EE1A381D096BEB693B
file:..\..\..\..\trb3sc\code\lcd.vhd|io:i|time:1550520329|size:25688|exec:0|csum:59D419437B96512FF0FDB04C2C870BFF
file:..\..\..\..\trb3sc\code\debuguart.vhd|io:i|time:1550520329|size:5842|exec:0|csum:189B0C81CA7C3E49844CCE18DBD7ECBE
file:..\..\..\..\trbnet\special\uart.vhd|io:i|time:1550520332|size:5148|exec:0|csum:B79A0164B9C62F1F9BDD6230FC085D8E
file:..\..\..\..\trbnet\special\uart_rec.vhd|io:i|time:1550520332|size:4609|exec:0|csum:391AADE9E648DE02470ED789858485BE
file:..\..\..\..\trbnet\special\uart_trans.vhd|io:i|time:1550520332|size:3719|exec:0|csum:6003AB2F1895518D49EB8352A750B457
file:..\..\..\..\trbnet\special\spi_ltc2600.vhd|io:i|time:1550520332|size:8407|exec:0|csum:A5CCE06AF583129CDD9834190A5E111B
file:..\..\..\..\trbnet\optical_link\f_divider.vhd|io:i|time:1550520332|size:4958|exec:0|csum:DF13DBE35FE25894720589A893F689A6
file:..\..\..\..\trb3sc\code\load_settings.vhd|io:i|time:1550520329|size:21227|exec:0|csum:663E1DF105E4D3376D10A77A5DB1A98D
file:..\..\..\..\trb3sc\code\spi_master_generic.vhd|io:i|time:1550520329|size:4665|exec:0|csum:DA3787FA6E9AA4B8E51EED19CA60636D
file:..\..\..\..\trb3\base\code\input_to_trigger_logic_record.vhd|io:i|time:1550520327|size:11601|exec:0|csum:A6E858AEC21909877DCA91DB06E367D3
file:..\..\..\..\trb3\base\code\input_statistics.vhd|io:i|time:1550520327|size:11019|exec:0|csum:443B4C2B0B2725850F6289E6A013B993
file:..\..\..\..\trb3\base\code\sedcheck.vhd|io:i|time:1550520327|size:6808|exec:0|csum:C90FC6052D71664339280C184884C274
file:..\..\..\trb3_periph_blank.vhd|io:i|time:1603337391|size:20357|exec:0|csum:FB427283B719D30D31178A6A9AE012D0
file:..\..\..\workdir\pll_in200_out100.vhd|io:i|time:1550520332|size:4324|exec:0|csum:71AFAC4C67B6DB05EED7F17E1FC5DE72
file:..\..\..\Source\basic_type_declaration.vhd|io:i|time:1550520332|size:382|exec:0|csum:E00B2ABA5E0F5B164EB0B61C2831A571
file:..\..\..\Source\OrAll.vhd|io:i|time:1602267831|size:937|exec:0|csum:7D20D78E124F223E70F2AA39209B2730
file:..\..\..\Source\BackOr5.vhd|io:i|time:1555105417|size:1848|exec:0|csum:029A233ED9F1DFADC247C12E97E414C1
file:..\..\..\Source\Or8.vhd|io:i|time:1551121324|size:461|exec:0|csum:F4308088003637992275F8111E82928A
file:..\..\..\Source\Or18.vhd|io:i|time:1551825608|size:700|exec:0|csum:3DBC1197B6FF563A188B14680A934A7E
file:..\..\..\Source\PlaneOr.vhd|io:i|time:1554500326|size:2151|exec:0|csum:70F7A7F1B2DD70416F70C40B628B247D
file:..\..\..\Source\signal_stretch_48.vhd|io:i|time:1560369885|size:3289|exec:0|csum:F9324047B0059F6527FC78C4E10F43F1
file:..\..\..\Source\signal_stretch.vhd|io:i|time:1559685811|size:1257|exec:0|csum:A8DA124861E0A3702E87ECCE1809E7F1
file:..\..\..\Source\And6.vhd|io:i|time:1554495528|size:362|exec:0|csum:6DE5D98BFBAA9651C3C28718F6250C06
file:..\..\..\Source\BackOr3.vhd|io:i|time:1559661669|size:1299|exec:0|csum:64E99122C3BE5BF968C36C41752DA37D
file:..\..\..\Source\Or_plane_each.vhd|io:i|time:1559668362|size:1209|exec:0|csum:A9E0409B3B59A53E636758B915668987
file:..\..\..\Source\signal_Delay.vhd|io:i|time:1565006549|size:1829|exec:0|csum:E2BA13A1CE2D35481275B4AC03475B9C
file:..\..\..\Source\Veto_Logic.vhd|io:i|time:1565007724|size:753|exec:0|csum:349C6FCAD3E7A31BEA4F68DAC2672707
file:..\..\..\Source\Veto_BM.vhd|io:i|time:1603907654|size:6230|exec:0|csum:3C667B70FB54663ACDCABBDE6787BDFF
file:..\..\..\Source\BM_Trig_Logic.vhd|io:i|time:1603336646|size:649|exec:0|csum:EC0F1DF3AB9C1CB6B0719A1601486864
file:..\..\..\Source\BM_control.vhd|io:i|time:1568302946|size:654|exec:0|csum:6B4C4C8FB7216A6DC2D5104C969B1F21
file:..\..\..\Source\signal_stretch_many.vhd|io:i|time:1568315262|size:0|exec:0|csum:D41D8CD98F00B204E9800998ECF8427E
file:..\..\..\Source\Veto_OrAll.vhd|io:i|time:1599509434|size:535|exec:0|csum:823BA07322CD1BA921AEABD14C7C48E5
file:..\..\..\Source\BM_OrAll.vhd|io:i|time:1599515128|size:503|exec:0|csum:416B96CF51BDF36CFF9414A920C2CC9F
file:..\..\BigBars_OrAll.vhd|io:i|time:1602268104|size:460|exec:0|csum:4C0E5A04CB353C8BBE628200D0E4606C
file:..\..\SmallBars_TrigLogic.vhd|io:i|time:1602267831|size:1238|exec:0|csum:1A6A12A231F24C71601AE3800BCE3980
file:..\syntax.log|io:o|time:1604448335|size:1363|exec:0|csum:
file:..\..\..\..\..\..\..\lscc\diamond\diamond\3.10_x64\synpbase\bin64\c_vhdl.exe|io:i|time:1501902910|size:5913600|exec:1|csum:93E5DE52AE488E4DC33E43C149B8DA6C
