SCUBA, Version Diamond_1.4_Production (87)
Sat May 19 15:06:38 2012
  
Copyright (c) 1991-1994 by NeoCAD Inc. All rights reserved.
Copyright (c) 1995 AT&T Corp.   All rights reserved.
Copyright (c) 1995-2001 Lucent Technologies Inc.  All rights reserved.
Copyright (c) 2001 Agere Systems   All rights reserved.
Copyright (c) 2002-2011 Lattice Semiconductor Corporation,  All rights reserved.
  
BEGIN SCUBA Module Synthesis
  
    Issued command   : /opt/lattice/diamond/1.4/ispfpga/bin/lin/scuba -w -n fifo_65536x18x9 -lang vhdl -synth synplify -bus_exp 7 -bb -arch ep5c00 -type fifodc -addr_width 15 -data_width 18 -num_words 32768 -rdata_width 9 -no_enable -pe -1 -pf -1 -e 
    Circuit name     : fifo_65536x18x9
    Module type      : ebfifo
    Module Version   : 5.4
    Ports            : 
    Inputs       : Data[17:0], WrClock, RdClock, WrEn, RdEn, Reset, RPReset
    Outputs      : Q[8:0], Empty, Full
    I/O buffer       : not inserted
    EDIF output      : suppressed
    VHDL output      : fifo_65536x18x9.vhd
    VHDL template    : fifo_65536x18x9_tmpl.vhd
    VHDL testbench   : tb_fifo_65536x18x9_tmpl.vhd
    VHDL purpose     : for synthesis and simulation
    Bus notation     : big endian
    Report output    : fifo_65536x18x9.srp
    Estimated Resource Usage:
            LUT : 367
            EBR : 32
            Reg : 172
  
END   SCUBA Module Synthesis

