C:\lscc\diamond\diamond\3.10_x64\synpbase\bin64\c_hdl.exe  -osyn  C:\Users\ishra\MUSE_TRIGGERS_FPGA\trig_MUSE_PID_32bit\project\trb3_periph_blank\synwork\blank_trb3_periph_blank_comp.srs  -top  trb3_periph_blank  -hdllog  C:\Users\ishra\MUSE_TRIGGERS_FPGA\trig_MUSE_PID_32bit\project\trb3_periph_blank\synlog\blank_trb3_periph_blank_compiler.srr  -encrypt  -mp  4  -verification_mode 0  -vhdl  -prodtype  synplify_pro  -dspmac -fixsmult -infer_seqShift -nram -sdff_counter -divnmod -nostructver  -encrypt  -pro  -dmgen  C:\Users\ishra\MUSE_TRIGGERS_FPGA\trig_MUSE_PID_32bit\project\trb3_periph_blank\dm  -lite -ui -fid2 -ram -sharing on -ll 2000 -autosm  -ignore_undefined_lib  -lib work C:\Users\ishra\MUSE_TRIGGERS_FPGA\trig_MUSE_PID_32bit\version.vhd -lib work C:\Users\ishra\MUSE_TRIGGERS_FPGA\trbnet\trb_net_std.vhd -lib work C:\Users\ishra\MUSE_TRIGGERS_FPGA\trbnet\basics\pulse_sync.vhd -lib work C:\Users\ishra\MUSE_TRIGGERS_FPGA\trbnet\basics\state_sync.vhd -lib work C:\Users\ishra\MUSE_TRIGGERS_FPGA\trbnet\basics\ram_16x16_dp.vhd -lib work C:\Users\ishra\MUSE_TRIGGERS_FPGA\trbnet\basics\signal_sync.vhd -lib work C:\Users\ishra\MUSE_TRIGGERS_FPGA\trbnet\basics\pulse_stretch.vhd -lib work C:\Users\ishra\MUSE_TRIGGERS_FPGA\trbnet\special\trb_net_reset_handler.vhd -lib work C:\Users\ishra\MUSE_TRIGGERS_FPGA\trbnet\special\fpga_reboot.vhd -lib work C:\Users\ishra\MUSE_TRIGGERS_FPGA\trbnet\lattice\ecp3\lattice_ecp3_fifo_18x1k.vhd -lib work C:\Users\ishra\MUSE_TRIGGERS_FPGA\trbnet\lattice\ecp3\lattice_ecp3_fifo_16bit_dualport.vhd -lib work C:\Users\ishra\MUSE_TRIGGERS_FPGA\trbnet\lattice\ecp3\lattice_ecp3_fifo_16x16_dualport.vhd -lib work C:\Users\ishra\MUSE_TRIGGERS_FPGA\trbnet\lattice\ecp3\lattice_ecp3_fifo_18x16_dualport.vhd -lib work C:\Users\ishra\MUSE_TRIGGERS_FPGA\trbnet\lattice\ecp3\spi_dpram_32_to_8.vhd -lib work C:\Users\ishra\MUSE_TRIGGERS_FPGA\trbnet\lattice\ecp3\fifo\fifo_36x256_oreg.vhd -lib work C:\Users\ishra\MUSE_TRIGGERS_FPGA\trbnet\lattice\ecp3\fifo\fifo_36x512_oreg.vhd -lib work C:\Users\ishra\MUSE_TRIGGERS_FPGA\trbnet\lattice\ecp3\fifo\fifo_36x1k_oreg.vhd -lib work C:\Users\ishra\MUSE_TRIGGERS_FPGA\trbnet\lattice\ecp3\fifo\fifo_36x2k_oreg.vhd -lib work C:\Users\ishra\MUSE_TRIGGERS_FPGA\trbnet\lattice\ecp3\fifo\fifo_36x4k_oreg.vhd -lib work C:\Users\ishra\MUSE_TRIGGERS_FPGA\trbnet\lattice\ecp3\fifo\fifo_36x8k_oreg.vhd -lib work C:\Users\ishra\MUSE_TRIGGERS_FPGA\trbnet\lattice\ecp3\fifo\fifo_36x16k_oreg.vhd -lib work C:\Users\ishra\MUSE_TRIGGERS_FPGA\trbnet\lattice\ecp3\fifo\fifo_36x32k_oreg.vhd -lib work C:\Users\ishra\MUSE_TRIGGERS_FPGA\trbnet\lattice\ecp3\fifo\fifo_18x256_oreg.vhd -lib work C:\Users\ishra\MUSE_TRIGGERS_FPGA\trbnet\lattice\ecp3\fifo\fifo_18x512_oreg.vhd -lib work C:\Users\ishra\MUSE_TRIGGERS_FPGA\trbnet\lattice\ecp3\fifo\fifo_18x1k_oreg.vhd -lib work C:\Users\ishra\MUSE_TRIGGERS_FPGA\trbnet\lattice\ecp3\fifo\fifo_18x2k_oreg.vhd -lib work C:\Users\ishra\MUSE_TRIGGERS_FPGA\trbnet\lattice\ecp3\fifo\fifo_19x16_obuf.vhd -lib work C:\Users\ishra\MUSE_TRIGGERS_FPGA\trbnet\lattice\ecp3\fifo\fifo_9x2k_oreg.vhd -lib work C:\Users\ishra\MUSE_TRIGGERS_FPGA\trbnet\media_interfaces\ecp3_sfp\sfp_1_200_int.vhd -lib work C:\Users\ishra\MUSE_TRIGGERS_FPGA\trbnet\media_interfaces\ecp3_sfp\sfp_1_125_int.vhd -lib work C:\Users\ishra\MUSE_TRIGGERS_FPGA\trbnet\special\uart_rec.vhd -lib work C:\Users\ishra\MUSE_TRIGGERS_FPGA\trbnet\special\uart_trans.vhd -lib work C:\Users\ishra\MUSE_TRIGGERS_FPGA\trbnet\special\spi_ltc2600.vhd -lib work C:\Users\ishra\MUSE_TRIGGERS_FPGA\trbnet\optical_link\f_divider.vhd -lib work C:\Users\ishra\MUSE_TRIGGERS_FPGA\trig_MUSE_PID_32bit\workdir\pll_in200_out100.vhd -lib work C:\Users\ishra\MUSE_TRIGGERS_FPGA\trig_MUSE_PID_32bit\config.vhd -lib work C:\Users\ishra\MUSE_TRIGGERS_FPGA\trbnet\trb_net_components.vhd -lib work C:\Users\ishra\MUSE_TRIGGERS_FPGA\trb3\base\trb3_components.vhd -lib work C:\Users\ishra\MUSE_TRIGGERS_FPGA\trbnet\trb_net16_term_buf.vhd -lib work C:\Users\ishra\MUSE_TRIGGERS_FPGA\trbnet\trb_net_CRC.vhd -lib work C:\Users\ishra\MUSE_TRIGGERS_FPGA\trbnet\trb_net_CRC8.vhd -lib work C:\Users\ishra\MUSE_TRIGGERS_FPGA\trbnet\trb_net_onewire.vhd -lib work C:\Users\ishra\MUSE_TRIGGERS_FPGA\trbnet\trb_net16_addresses.vhd -lib work C:\Users\ishra\MUSE_TRIGGERS_FPGA\trbnet\trb_net16_term.vhd -lib work C:\Users\ishra\MUSE_TRIGGERS_FPGA\trbnet\trb_net_sbuf.vhd -lib work C:\Users\ishra\MUSE_TRIGGERS_FPGA\trbnet\trb_net_sbuf5.vhd -lib work C:\Users\ishra\MUSE_TRIGGERS_FPGA\trbnet\trb_net_sbuf6.vhd -lib work C:\Users\ishra\MUSE_TRIGGERS_FPGA\trbnet\trb_net16_sbuf.vhd -lib work C:\Users\ishra\MUSE_TRIGGERS_FPGA\trbnet\trb_net_pattern_gen.vhd -lib work C:\Users\ishra\MUSE_TRIGGERS_FPGA\trbnet\basics\rom_16x8.vhd -lib work C:\Users\ishra\MUSE_TRIGGERS_FPGA\trbnet\trb_net16_regIO.vhd -lib work C:\Users\ishra\MUSE_TRIGGERS_FPGA\trbnet\trb_net16_regio_bus_handler.vhd -lib work C:\Users\ishra\MUSE_TRIGGERS_FPGA\trbnet\trb_net16_regio_bus_handler_record.vhd -lib work C:\Users\ishra\MUSE_TRIGGERS_FPGA\trbnet\trb_net_priority_encoder.vhd -lib work C:\Users\ishra\MUSE_TRIGGERS_FPGA\trbnet\trb_net_dummy_fifo.vhd -lib work C:\Users\ishra\MUSE_TRIGGERS_FPGA\trbnet\trb_net16_dummy_fifo.vhd -lib work C:\Users\ishra\MUSE_TRIGGERS_FPGA\trbnet\trb_net16_term_ibuf.vhd -lib work C:\Users\ishra\MUSE_TRIGGERS_FPGA\trbnet\trb_net_priority_arbiter.vhd -lib work C:\Users\ishra\MUSE_TRIGGERS_FPGA\trbnet\trb_net16_obuf_nodata.vhd -lib work C:\Users\ishra\MUSE_TRIGGERS_FPGA\trbnet\trb_net16_obuf.vhd -lib work C:\Users\ishra\MUSE_TRIGGERS_FPGA\trbnet\lattice\ecp3\trb_net16_fifo_arch.vhd -lib work C:\Users\ishra\MUSE_TRIGGERS_FPGA\trbnet\trb_net16_ibuf.vhd -lib work C:\Users\ishra\MUSE_TRIGGERS_FPGA\trbnet\trb_net16_iobuf.vhd -lib work C:\Users\ishra\MUSE_TRIGGERS_FPGA\trbnet\trb_net16_api_base.vhd -lib work C:\Users\ishra\MUSE_TRIGGERS_FPGA\trbnet\trb_net16_io_multiplexer.vhd -lib work C:\Users\ishra\MUSE_TRIGGERS_FPGA\trbnet\trb_net16_trigger.vhd -lib work C:\Users\ishra\MUSE_TRIGGERS_FPGA\trbnet\trb_net16_ipudata.vhd -lib work C:\Users\ishra\MUSE_TRIGGERS_FPGA\trbnet\special\handler_lvl1.vhd -lib work C:\Users\ishra\MUSE_TRIGGERS_FPGA\trbnet\trb_net16_endpoint_hades_full.vhd -lib work C:\Users\ishra\MUSE_TRIGGERS_FPGA\trbnet\lattice\ecp3\lattice_ecp2m_fifo.vhd -lib work C:\Users\ishra\MUSE_TRIGGERS_FPGA\trbnet\lattice\ecp2m\fifo\fifo_var_oreg.vhd -lib work C:\Users\ishra\MUSE_TRIGGERS_FPGA\trbnet\special\handler_data.vhd -lib work C:\Users\ishra\MUSE_TRIGGERS_FPGA\trbnet\special\handler_ipu.vhd -lib work C:\Users\ishra\MUSE_TRIGGERS_FPGA\trbnet\special\handler_trigger_and_data.vhd -lib work C:\Users\ishra\MUSE_TRIGGERS_FPGA\trbnet\special\bus_register_handler.vhd -lib work C:\Users\ishra\MUSE_TRIGGERS_FPGA\trbnet\trb_net16_endpoint_hades_full_handler_record.vhd -lib work C:\Users\ishra\MUSE_TRIGGERS_FPGA\trbnet\basics\ram.vhd -lib work C:\Users\ishra\MUSE_TRIGGERS_FPGA\trbnet\basics\ram_16x8_dp.vhd -lib work C:\Users\ishra\MUSE_TRIGGERS_FPGA\trbnet\basics\ram_dp.vhd -lib work C:\Users\ishra\MUSE_TRIGGERS_FPGA\trbnet\basics\ram_dp_rw.vhd -lib work C:\Users\ishra\MUSE_TRIGGERS_FPGA\trbnet\special\spi_slim.vhd -lib work C:\Users\ishra\MUSE_TRIGGERS_FPGA\trbnet\special\spi_master.vhd -lib work C:\Users\ishra\MUSE_TRIGGERS_FPGA\trbnet\special\spi_databus_memory.vhd -lib work C:\Users\ishra\MUSE_TRIGGERS_FPGA\trbnet\special\spi_flash_and_fpga_reload_record.vhd -lib work C:\Users\ishra\MUSE_TRIGGERS_FPGA\trbnet\lattice\ecp3\trb_net_fifo_16bit_bram_dualport.vhd -lib work C:\Users\ishra\MUSE_TRIGGERS_FPGA\trbnet\media_interfaces\trb_net16_lsm_sfp.vhd -lib work C:\Users\ishra\MUSE_TRIGGERS_FPGA\trbnet\media_interfaces\trb_net16_med_ecp3_sfp.vhd -lib work C:\Users\ishra\MUSE_TRIGGERS_FPGA\trb3sc\code\lcd.vhd -lib work C:\Users\ishra\MUSE_TRIGGERS_FPGA\trb3sc\code\debuguart.vhd -lib work C:\Users\ishra\MUSE_TRIGGERS_FPGA\trbnet\special\uart.vhd -lib work C:\Users\ishra\MUSE_TRIGGERS_FPGA\trb3sc\code\spi_master_generic.vhd -lib work C:\Users\ishra\MUSE_TRIGGERS_FPGA\trb3sc\code\load_settings.vhd -lib work C:\Users\ishra\MUSE_TRIGGERS_FPGA\trb3\base\code\input_to_trigger_logic_record.vhd -lib work C:\Users\ishra\MUSE_TRIGGERS_FPGA\trb3\base\code\input_statistics.vhd -lib work C:\Users\ishra\MUSE_TRIGGERS_FPGA\trb3\base\code\sedcheck.vhd -lib work C:\Users\ishra\MUSE_TRIGGERS_FPGA\trb3\base\code\trb3_tools.vhd -lib work C:\Users\ishra\MUSE_TRIGGERS_FPGA\trig_MUSE_PID_32bit\trb3_periph_blank.vhd  -verilog  -prodtype  synplify_pro  -dspmac -fixsmult -infer_seqShift -nram -sdff_counter -divnmod -nostructver   -I C:\Users\ishra\MUSE_TRIGGERS_FPGA\trig_MUSE_PID_32bit\project  -I C:\Users\ishra\MUSE_TRIGGERS_FPGA\trig_MUSE_PID_32bit\project\trb3_periph_blank\  -I C:\lscc\diamond\diamond\3.10_x64\synpbase\lib   -v2001  -devicelib  C:\lscc\diamond\diamond\3.10_x64\synpbase\lib\lucent\ecp3.v  -devicelib  C:\lscc\diamond\diamond\3.10_x64\synpbase\lib\lucent\pmi_def.v  -encrypt  -pro  -dmgen  C:\Users\ishra\MUSE_TRIGGERS_FPGA\trig_MUSE_PID_32bit\project\trb3_periph_blank\dm  -ui -fid2 -ram -sharing on -ll 2000 -autosm  -D_MULTIPLE_FILE_COMPILATION_UNIT_  -lib work C:\Users\ishra\MUSE_TRIGGERS_FPGA\trig_MUSE_PID_32bit\workdir\Cpll.v -lib work C:\Users\ishra\MUSE_TRIGGERS_FPGA\trig_MUSE_PID_32bit\workdir\Cpll0.v -lib work C:\Users\ishra\MUSE_TRIGGERS_FPGA\trig_MUSE_PID_32bit\workdir\Cpll1.v -lib work C:\Users\ishra\MUSE_TRIGGERS_FPGA\trig_MUSE_PID_32bit\workdir\Cpll2.v -lib work C:\Users\ishra\MUSE_TRIGGERS_FPGA\trig_MUSE_PID_32bit\workdir\Cpll3.v -lib work C:\Users\ishra\MUSE_TRIGGERS_FPGA\trig_MUSE_PID_32bit\workdir\Cpll4.v -lib work C:\Users\ishra\MUSE_TRIGGERS_FPGA\trig_MUSE_PID_32bit\workdir\LA_FIFO.v -lib work C:\Users\ishra\MUSE_TRIGGERS_FPGA\trig_MUSE_PID_32bit\workdir\readoutfifo.v -lib work C:\Users\ishra\MUSE_TRIGGERS_FPGA\trig_MUSE_PID_32bit\Source\Ch48.v -lib work C:\Users\ishra\MUSE_TRIGGERS_FPGA\trig_MUSE_PID_32bit\Source\ClockGen.v -lib work C:\Users\ishra\MUSE_TRIGGERS_FPGA\trig_MUSE_PID_32bit\Source\comnet.v -lib work C:\Users\ishra\MUSE_TRIGGERS_FPGA\trig_MUSE_PID_32bit\Source\ComTrans.v -lib work C:\Users\ishra\MUSE_TRIGGERS_FPGA\trig_MUSE_PID_32bit\Source\DeBounce_v.v -lib work C:\Users\ishra\MUSE_TRIGGERS_FPGA\trig_MUSE_PID_32bit\Source\FineTimeBit.v -lib work C:\Users\ishra\MUSE_TRIGGERS_FPGA\trig_MUSE_PID_32bit\Source\hit_cntr.v -lib work C:\Users\ishra\MUSE_TRIGGERS_FPGA\trig_MUSE_PID_32bit\Source\Input_Reg.v -lib work C:\Users\ishra\MUSE_TRIGGERS_FPGA\trig_MUSE_PID_32bit\Source\InputBit.v -lib work C:\Users\ishra\MUSE_TRIGGERS_FPGA\trig_MUSE_PID_32bit\Source\Lanalyzer.v -lib work C:\Users\ishra\MUSE_TRIGGERS_FPGA\trig_MUSE_PID_32bit\Source\Lanalyzer0.v -lib work C:\Users\ishra\MUSE_TRIGGERS_FPGA\trig_MUSE_PID_32bit\Source\leds.v -lib work C:\Users\ishra\MUSE_TRIGGERS_FPGA\trig_MUSE_PID_32bit\Source\Ltch8.v -lib work C:\Users\ishra\MUSE_TRIGGERS_FPGA\trig_MUSE_PID_32bit\Source\Ltch32.v -lib work C:\Users\ishra\MUSE_TRIGGERS_FPGA\trig_MUSE_PID_32bit\Source\Ltch33.v -lib work C:\Users\ishra\MUSE_TRIGGERS_FPGA\trig_MUSE_PID_32bit\Source\Ltch42.v -lib work C:\Users\ishra\MUSE_TRIGGERS_FPGA\trig_MUSE_PID_32bit\Source\Ltch40.v -lib work C:\Users\ishra\MUSE_TRIGGERS_FPGA\trig_MUSE_PID_32bit\Source\Mux3x32.v -lib work C:\Users\ishra\MUSE_TRIGGERS_FPGA\trig_MUSE_PID_32bit\Source\Mux16x32.v -lib work C:\Users\ishra\MUSE_TRIGGERS_FPGA\trig_MUSE_PID_32bit\Source\Register.v -lib work C:\Users\ishra\MUSE_TRIGGERS_FPGA\trig_MUSE_PID_32bit\Source\SFineTimeBit.v -lib work C:\Users\ishra\MUSE_TRIGGERS_FPGA\trig_MUSE_PID_32bit\Source\SFineTimeBit0.v -lib work C:\Users\ishra\MUSE_TRIGGERS_FPGA\trig_MUSE_PID_32bit\Source\SFineTimeBit1.v -lib work C:\Users\ishra\MUSE_TRIGGERS_FPGA\trig_MUSE_PID_32bit\Source\SFineTimeBit2.v -lib work C:\Users\ishra\MUSE_TRIGGERS_FPGA\trig_MUSE_PID_32bit\Source\SFineTimeBit3.v -lib work C:\Users\ishra\MUSE_TRIGGERS_FPGA\trig_MUSE_PID_32bit\Source\SFineTimeBit4.v -lib work C:\Users\ishra\MUSE_TRIGGERS_FPGA\trig_MUSE_PID_32bit\Source\SFineTimeBit5.v -lib work C:\Users\ishra\MUSE_TRIGGERS_FPGA\trig_MUSE_PID_32bit\Source\Shift40.v -lib work C:\Users\ishra\MUSE_TRIGGERS_FPGA\trig_MUSE_PID_32bit\Source\Shift42.v -lib work C:\Users\ishra\MUSE_TRIGGERS_FPGA\trig_MUSE_PID_32bit\Source\Shiftout32.v -lib work C:\Users\ishra\MUSE_TRIGGERS_FPGA\trig_MUSE_PID_32bit\Source\StrSt.v -lib work C:\Users\ishra\MUSE_TRIGGERS_FPGA\trig_MUSE_PID_32bit\Source\sync_cntr.v -lib work C:\Users\ishra\MUSE_TRIGGERS_FPGA\trig_MUSE_PID_32bit\Source\timestatics.v -lib work C:\Users\ishra\MUSE_TRIGGERS_FPGA\trig_MUSE_PID_32bit\Source\TriggerTDC.v -lib work C:\Users\ishra\MUSE_TRIGGERS_FPGA\trig_MUSE_PID_32bit\Source\TriggerTDCTop.v -lib work C:\Users\ishra\MUSE_TRIGGERS_FPGA\trig_MUSE_PID_32bit\Source\wcomp.v -lib work C:\Users\ishra\MUSE_TRIGGERS_FPGA\trig_MUSE_PID_32bit\Source\Teststate.v -lib work C:\Users\ishra\MUSE_TRIGGERS_FPGA\trig_MUSE_PID_32bit\Source\Shift33.v -lib work C:\Users\ishra\MUSE_TRIGGERS_FPGA\trig_MUSE_PID_32bit\project\ch32.v  -jobname  "compiler" 
relcom:..\..\..\..\..\..\..\lscc\diamond\diamond\3.10_x64\synpbase\bin64\c_hdl.exe -osyn ..\synwork\blank_trb3_periph_blank_comp.srs -top trb3_periph_blank -hdllog ..\synlog\blank_trb3_periph_blank_compiler.srr -encrypt -mp 4 -verification_mode 0 -vhdl -prodtype synplify_pro -dspmac -fixsmult -infer_seqShift -nram -sdff_counter -divnmod -nostructver -encrypt -pro -dmgen ..\dm -lite -ui -fid2 -ram -sharing on -ll 2000 -autosm -ignore_undefined_lib -lib work ..\..\..\version.vhd -lib work ..\..\..\..\trbnet\trb_net_std.vhd -lib work ..\..\..\..\trbnet\basics\pulse_sync.vhd -lib work ..\..\..\..\trbnet\basics\state_sync.vhd -lib work ..\..\..\..\trbnet\basics\ram_16x16_dp.vhd -lib work ..\..\..\..\trbnet\basics\signal_sync.vhd -lib work ..\..\..\..\trbnet\basics\pulse_stretch.vhd -lib work ..\..\..\..\trbnet\special\trb_net_reset_handler.vhd -lib work ..\..\..\..\trbnet\special\fpga_reboot.vhd -lib work ..\..\..\..\trbnet\lattice\ecp3\lattice_ecp3_fifo_18x1k.vhd -lib work ..\..\..\..\trbnet\lattice\ecp3\lattice_ecp3_fifo_16bit_dualport.vhd -lib work ..\..\..\..\trbnet\lattice\ecp3\lattice_ecp3_fifo_16x16_dualport.vhd -lib work ..\..\..\..\trbnet\lattice\ecp3\lattice_ecp3_fifo_18x16_dualport.vhd -lib work ..\..\..\..\trbnet\lattice\ecp3\spi_dpram_32_to_8.vhd -lib work ..\..\..\..\trbnet\lattice\ecp3\fifo\fifo_36x256_oreg.vhd -lib work ..\..\..\..\trbnet\lattice\ecp3\fifo\fifo_36x512_oreg.vhd -lib work ..\..\..\..\trbnet\lattice\ecp3\fifo\fifo_36x1k_oreg.vhd -lib work ..\..\..\..\trbnet\lattice\ecp3\fifo\fifo_36x2k_oreg.vhd -lib work ..\..\..\..\trbnet\lattice\ecp3\fifo\fifo_36x4k_oreg.vhd -lib work ..\..\..\..\trbnet\lattice\ecp3\fifo\fifo_36x8k_oreg.vhd -lib work ..\..\..\..\trbnet\lattice\ecp3\fifo\fifo_36x16k_oreg.vhd -lib work ..\..\..\..\trbnet\lattice\ecp3\fifo\fifo_36x32k_oreg.vhd -lib work ..\..\..\..\trbnet\lattice\ecp3\fifo\fifo_18x256_oreg.vhd -lib work ..\..\..\..\trbnet\lattice\ecp3\fifo\fifo_18x512_oreg.vhd -lib work ..\..\..\..\trbnet\lattice\ecp3\fifo\fifo_18x1k_oreg.vhd -lib work ..\..\..\..\trbnet\lattice\ecp3\fifo\fifo_18x2k_oreg.vhd -lib work ..\..\..\..\trbnet\lattice\ecp3\fifo\fifo_19x16_obuf.vhd -lib work ..\..\..\..\trbnet\lattice\ecp3\fifo\fifo_9x2k_oreg.vhd -lib work ..\..\..\..\trbnet\media_interfaces\ecp3_sfp\sfp_1_200_int.vhd -lib work ..\..\..\..\trbnet\media_interfaces\ecp3_sfp\sfp_1_125_int.vhd -lib work ..\..\..\..\trbnet\special\uart_rec.vhd -lib work ..\..\..\..\trbnet\special\uart_trans.vhd -lib work ..\..\..\..\trbnet\special\spi_ltc2600.vhd -lib work ..\..\..\..\trbnet\optical_link\f_divider.vhd -lib work ..\..\..\workdir\pll_in200_out100.vhd -lib work ..\..\..\config.vhd -lib work ..\..\..\..\trbnet\trb_net_components.vhd -lib work ..\..\..\..\trb3\base\trb3_components.vhd -lib work ..\..\..\..\trbnet\trb_net16_term_buf.vhd -lib work ..\..\..\..\trbnet\trb_net_CRC.vhd -lib work ..\..\..\..\trbnet\trb_net_CRC8.vhd -lib work ..\..\..\..\trbnet\trb_net_onewire.vhd -lib work ..\..\..\..\trbnet\trb_net16_addresses.vhd -lib work ..\..\..\..\trbnet\trb_net16_term.vhd -lib work ..\..\..\..\trbnet\trb_net_sbuf.vhd -lib work ..\..\..\..\trbnet\trb_net_sbuf5.vhd -lib work ..\..\..\..\trbnet\trb_net_sbuf6.vhd -lib work ..\..\..\..\trbnet\trb_net16_sbuf.vhd -lib work ..\..\..\..\trbnet\trb_net_pattern_gen.vhd -lib work ..\..\..\..\trbnet\basics\rom_16x8.vhd -lib work ..\..\..\..\trbnet\trb_net16_regIO.vhd -lib work ..\..\..\..\trbnet\trb_net16_regio_bus_handler.vhd -lib work ..\..\..\..\trbnet\trb_net16_regio_bus_handler_record.vhd -lib work ..\..\..\..\trbnet\trb_net_priority_encoder.vhd -lib work ..\..\..\..\trbnet\trb_net_dummy_fifo.vhd -lib work ..\..\..\..\trbnet\trb_net16_dummy_fifo.vhd -lib work ..\..\..\..\trbnet\trb_net16_term_ibuf.vhd -lib work ..\..\..\..\trbnet\trb_net_priority_arbiter.vhd -lib work ..\..\..\..\trbnet\trb_net16_obuf_nodata.vhd -lib work ..\..\..\..\trbnet\trb_net16_obuf.vhd -lib work ..\..\..\..\trbnet\lattice\ecp3\trb_net16_fifo_arch.vhd -lib work ..\..\..\..\trbnet\trb_net16_ibuf.vhd -lib work ..\..\..\..\trbnet\trb_net16_iobuf.vhd -lib work ..\..\..\..\trbnet\trb_net16_api_base.vhd -lib work ..\..\..\..\trbnet\trb_net16_io_multiplexer.vhd -lib work ..\..\..\..\trbnet\trb_net16_trigger.vhd -lib work ..\..\..\..\trbnet\trb_net16_ipudata.vhd -lib work ..\..\..\..\trbnet\special\handler_lvl1.vhd -lib work ..\..\..\..\trbnet\trb_net16_endpoint_hades_full.vhd -lib work ..\..\..\..\trbnet\lattice\ecp3\lattice_ecp2m_fifo.vhd -lib work ..\..\..\..\trbnet\lattice\ecp2m\fifo\fifo_var_oreg.vhd -lib work ..\..\..\..\trbnet\special\handler_data.vhd -lib work ..\..\..\..\trbnet\special\handler_ipu.vhd -lib work ..\..\..\..\trbnet\special\handler_trigger_and_data.vhd -lib work ..\..\..\..\trbnet\special\bus_register_handler.vhd -lib work ..\..\..\..\trbnet\trb_net16_endpoint_hades_full_handler_record.vhd -lib work ..\..\..\..\trbnet\basics\ram.vhd -lib work ..\..\..\..\trbnet\basics\ram_16x8_dp.vhd -lib work ..\..\..\..\trbnet\basics\ram_dp.vhd -lib work ..\..\..\..\trbnet\basics\ram_dp_rw.vhd -lib work ..\..\..\..\trbnet\special\spi_slim.vhd -lib work ..\..\..\..\trbnet\special\spi_master.vhd -lib work ..\..\..\..\trbnet\special\spi_databus_memory.vhd -lib work ..\..\..\..\trbnet\special\spi_flash_and_fpga_reload_record.vhd -lib work ..\..\..\..\trbnet\lattice\ecp3\trb_net_fifo_16bit_bram_dualport.vhd -lib work ..\..\..\..\trbnet\media_interfaces\trb_net16_lsm_sfp.vhd -lib work ..\..\..\..\trbnet\media_interfaces\trb_net16_med_ecp3_sfp.vhd -lib work ..\..\..\..\trb3sc\code\lcd.vhd -lib work ..\..\..\..\trb3sc\code\debuguart.vhd -lib work ..\..\..\..\trbnet\special\uart.vhd -lib work ..\..\..\..\trb3sc\code\spi_master_generic.vhd -lib work ..\..\..\..\trb3sc\code\load_settings.vhd -lib work ..\..\..\..\trb3\base\code\input_to_trigger_logic_record.vhd -lib work ..\..\..\..\trb3\base\code\input_statistics.vhd -lib work ..\..\..\..\trb3\base\code\sedcheck.vhd -lib work ..\..\..\..\trb3\base\code\trb3_tools.vhd -lib work ..\..\..\trb3_periph_blank.vhd -verilog -prodtype synplify_pro -dspmac -fixsmult -infer_seqShift -nram -sdff_counter -divnmod -nostructver -I ..\..\..\project -I ..\ -I ..\..\..\..\..\..\..\lscc\diamond\diamond\3.10_x64\synpbase\lib -v2001 -devicelib ..\..\..\..\..\..\..\lscc\diamond\diamond\3.10_x64\synpbase\lib\lucent\ecp3.v -devicelib ..\..\..\..\..\..\..\lscc\diamond\diamond\3.10_x64\synpbase\lib\lucent\pmi_def.v -encrypt -pro -dmgen ..\dm -ui -fid2 -ram -sharing on -ll 2000 -autosm -D_MULTIPLE_FILE_COMPILATION_UNIT_ -lib work ..\..\..\workdir\Cpll.v -lib work ..\..\..\workdir\Cpll0.v -lib work ..\..\..\workdir\Cpll1.v -lib work ..\..\..\workdir\Cpll2.v -lib work ..\..\..\workdir\Cpll3.v -lib work ..\..\..\workdir\Cpll4.v -lib work ..\..\..\workdir\LA_FIFO.v -lib work ..\..\..\workdir\readoutfifo.v -lib work ..\..\..\Source\Ch48.v -lib work ..\..\..\Source\ClockGen.v -lib work ..\..\..\Source\comnet.v -lib work ..\..\..\Source\ComTrans.v -lib work ..\..\..\Source\DeBounce_v.v -lib work ..\..\..\Source\FineTimeBit.v -lib work ..\..\..\Source\hit_cntr.v -lib work ..\..\..\Source\Input_Reg.v -lib work ..\..\..\Source\InputBit.v -lib work ..\..\..\Source\Lanalyzer.v -lib work ..\..\..\Source\Lanalyzer0.v -lib work ..\..\..\Source\leds.v -lib work ..\..\..\Source\Ltch8.v -lib work ..\..\..\Source\Ltch32.v -lib work ..\..\..\Source\Ltch33.v -lib work ..\..\..\Source\Ltch42.v -lib work ..\..\..\Source\Ltch40.v -lib work ..\..\..\Source\Mux3x32.v -lib work ..\..\..\Source\Mux16x32.v -lib work ..\..\..\Source\Register.v -lib work ..\..\..\Source\SFineTimeBit.v -lib work ..\..\..\Source\SFineTimeBit0.v -lib work ..\..\..\Source\SFineTimeBit1.v -lib work ..\..\..\Source\SFineTimeBit2.v -lib work ..\..\..\Source\SFineTimeBit3.v -lib work ..\..\..\Source\SFineTimeBit4.v -lib work ..\..\..\Source\SFineTimeBit5.v -lib work ..\..\..\Source\Shift40.v -lib work ..\..\..\Source\Shift42.v -lib work ..\..\..\Source\Shiftout32.v -lib work ..\..\..\Source\StrSt.v -lib work ..\..\..\Source\sync_cntr.v -lib work ..\..\..\Source\timestatics.v -lib work ..\..\..\Source\TriggerTDC.v -lib work ..\..\..\Source\TriggerTDCTop.v -lib work ..\..\..\Source\wcomp.v -lib work ..\..\..\Source\Teststate.v -lib work ..\..\..\Source\Shift33.v -lib work ..\..\ch32.v -jobname "compiler"
rc:0 success:1 runtime:14
file:..\synwork\blank_trb3_periph_blank_comp.srs|io:o|time:1607566828|size:1246098|exec:0|csum:
file:..\synlog\blank_trb3_periph_blank_compiler.srr|io:o|time:1607566829|size:397547|exec:0|csum:
file:..\..\..\version.vhd|io:i|time:1607027773|size:313|exec:0|csum:FF3E0E447B25CCF28CAFD1BF61349BD0
file:..\..\..\..\trbnet\trb_net_std.vhd|io:i|time:1607027771|size:15405|exec:0|csum:5467E8F56927CF52146EE35E00BB77C9
file:..\..\..\..\trbnet\basics\pulse_sync.vhd|io:i|time:1607027769|size:1657|exec:0|csum:012015945AB02DFABF4C382849D9F85F
file:..\..\..\..\trbnet\basics\state_sync.vhd|io:i|time:1607027769|size:877|exec:0|csum:B150D0099F1626547F4BE0A0C536FD87
file:..\..\..\..\trbnet\basics\ram_16x16_dp.vhd|io:i|time:1607027769|size:2051|exec:0|csum:23AF368254E6DDDB49AFA8C99AFBD932
file:..\..\..\..\trbnet\basics\signal_sync.vhd|io:i|time:1607027769|size:1873|exec:0|csum:EA344A32593A459836985A63BAF94BBB
file:..\..\..\..\trbnet\basics\pulse_stretch.vhd|io:i|time:1607027769|size:1431|exec:0|csum:D2970E7BFEB6A4580F635F718EF7B689
file:..\..\..\..\trbnet\special\trb_net_reset_handler.vhd|io:i|time:1607027771|size:5639|exec:0|csum:2C0C03C1DC225D90676172F82AC01E4E
file:..\..\..\..\trbnet\special\fpga_reboot.vhd|io:i|time:1607027771|size:1076|exec:0|csum:ED5D0EE38BB444593437A4406FCB889D
file:..\..\..\..\trbnet\lattice\ecp3\lattice_ecp3_fifo_18x1k.vhd|io:i|time:1607027770|size:29141|exec:0|csum:4006ACF8160067DE44B98715FE68EB54
file:..\..\..\..\trbnet\lattice\ecp3\lattice_ecp3_fifo_16bit_dualport.vhd|io:i|time:1607027770|size:35620|exec:0|csum:E5350936ACEF39ED0590019144106587
file:..\..\..\..\trbnet\lattice\ecp3\lattice_ecp3_fifo_16x16_dualport.vhd|io:i|time:1607027770|size:32876|exec:0|csum:4B439792781BD8332AFF5D54C0DB74F7
file:..\..\..\..\trbnet\lattice\ecp3\lattice_ecp3_fifo_18x16_dualport.vhd|io:i|time:1607027770|size:33929|exec:0|csum:AB1069A86E0576FDB3B90BC877CC0FB8
file:..\..\..\..\trbnet\lattice\ecp3\spi_dpram_32_to_8.vhd|io:i|time:1607027770|size:11579|exec:0|csum:EF64153F43A3C966B5899DA9AAB69B38
file:..\..\..\..\trbnet\lattice\ecp3\fifo\fifo_36x256_oreg.vhd|io:i|time:1607027770|size:33376|exec:0|csum:1755E665360BB60B0943569844F30FD9
file:..\..\..\..\trbnet\lattice\ecp3\fifo\fifo_36x512_oreg.vhd|io:i|time:1607027770|size:34687|exec:0|csum:957F405DE06E7EF7D6FFA7924691F2BA
file:..\..\..\..\trbnet\lattice\ecp3\fifo\fifo_36x1k_oreg.vhd|io:i|time:1607027770|size:40621|exec:0|csum:778A9D388366F035886D49D551BE5454
file:..\..\..\..\trbnet\lattice\ecp3\fifo\fifo_36x2k_oreg.vhd|io:i|time:1607027770|size:47326|exec:0|csum:49B4C28F51554750010E4FF6DB6E7C8A
file:..\..\..\..\trbnet\lattice\ecp3\fifo\fifo_36x4k_oreg.vhd|io:i|time:1607027770|size:68388|exec:0|csum:B419271E97530F1359EB2D21B51DE5E1
file:..\..\..\..\trbnet\lattice\ecp3\fifo\fifo_36x8k_oreg.vhd|io:i|time:1607027770|size:96814|exec:0|csum:6EBDB1C495A2BFC92E23C71AD2A54DFE
file:..\..\..\..\trbnet\lattice\ecp3\fifo\fifo_36x16k_oreg.vhd|io:i|time:1607027770|size:152318|exec:0|csum:86181BEA98C2C6EAB8A163BAECAC80D9
file:..\..\..\..\trbnet\lattice\ecp3\fifo\fifo_36x32k_oreg.vhd|io:i|time:1607027770|size:289549|exec:0|csum:B7A40EFF332FDF88885D78145EA65C4F
file:..\..\..\..\trbnet\lattice\ecp3\fifo\fifo_18x256_oreg.vhd|io:i|time:1607027770|size:34022|exec:0|csum:BFD5F57F39A359498593B677D036DFF3
file:..\..\..\..\trbnet\lattice\ecp3\fifo\fifo_18x512_oreg.vhd|io:i|time:1607027770|size:34687|exec:0|csum:36E2697D53A755F2446FAA7CAF09CAC7
file:..\..\..\..\trbnet\lattice\ecp3\fifo\fifo_18x1k_oreg.vhd|io:i|time:1607027770|size:37934|exec:0|csum:DCC8680B269D7906197EB25F24A41E7B
file:..\..\..\..\trbnet\lattice\ecp3\fifo\fifo_18x2k_oreg.vhd|io:i|time:1607027770|size:41964|exec:0|csum:3071D4F234B892B582E5391BC3672FE9
file:..\..\..\..\trbnet\lattice\ecp3\fifo\fifo_19x16_obuf.vhd|io:i|time:1607027770|size:25618|exec:0|csum:B18683DC954712C074FE96217C61CB6C
file:..\..\..\..\trbnet\lattice\ecp3\fifo\fifo_9x2k_oreg.vhd|io:i|time:1607027770|size:27756|exec:0|csum:7F3BF0D007F7DEF137702A8ED88A0777
file:..\..\..\..\trbnet\media_interfaces\ecp3_sfp\sfp_1_200_int.vhd|io:i|time:1607027771|size:121811|exec:0|csum:E598F40FBA3DB89C8FDBEC22BC0C0841
file:..\..\..\..\trbnet\media_interfaces\ecp3_sfp\sfp_1_125_int.vhd|io:i|time:1607027771|size:121865|exec:0|csum:7B3024DE0BBFA440AD1BD26EAEAC5D12
file:..\..\..\..\trbnet\special\uart_rec.vhd|io:i|time:1607027771|size:4609|exec:0|csum:391AADE9E648DE02470ED789858485BE
file:..\..\..\..\trbnet\special\uart_trans.vhd|io:i|time:1607027771|size:3719|exec:0|csum:6003AB2F1895518D49EB8352A750B457
file:..\..\..\..\trbnet\special\spi_ltc2600.vhd|io:i|time:1607027771|size:8407|exec:0|csum:A5CCE06AF583129CDD9834190A5E111B
file:..\..\..\..\trbnet\optical_link\f_divider.vhd|io:i|time:1607027771|size:4958|exec:0|csum:DF13DBE35FE25894720589A893F689A6
file:..\..\..\workdir\pll_in200_out100.vhd|io:i|time:1607027773|size:4327|exec:0|csum:CBDAE6B3B9C71DB4BE9DD46A0B72F37B
file:..\..\..\config.vhd|io:i|time:1607027773|size:4881|exec:0|csum:678B8DA8CA49798515258250B4C78462
file:..\..\..\..\trbnet\trb_net_components.vhd|io:i|time:1607027771|size:149525|exec:0|csum:A7101AB886CD06A6F9A53BF96FEC3A6D
file:..\..\..\..\trb3\base\trb3_components.vhd|io:i|time:1607027766|size:60280|exec:0|csum:2A0362AB3339D38C292257D1E662BCEA
file:..\..\..\..\trbnet\trb_net16_term_buf.vhd|io:i|time:1607027771|size:9015|exec:0|csum:431B35EDABD29DB4E1F7E1F79AC57A1E
file:..\..\..\..\trbnet\trb_net_CRC.vhd|io:i|time:1607027771|size:2904|exec:0|csum:DF8B641578B55611C8024839F35AB5F9
file:..\..\..\..\trbnet\trb_net_CRC8.vhd|io:i|time:1607027771|size:2642|exec:0|csum:5CC2EF02403685B7898CC454937126C1
file:..\..\..\..\trbnet\trb_net_onewire.vhd|io:i|time:1607027771|size:14003|exec:0|csum:30B210FBD8487E2865AB75A5B4CAD402
file:..\..\..\..\trbnet\trb_net16_addresses.vhd|io:i|time:1607027771|size:11421|exec:0|csum:F5439CFAE76CB4DCA1EEE6A3EB0437DB
file:..\..\..\..\trbnet\trb_net16_term.vhd|io:i|time:1607027771|size:6115|exec:0|csum:563E629C92A8B46D9FF28874BD44F1E5
file:..\..\..\..\trbnet\trb_net_sbuf.vhd|io:i|time:1607027771|size:10495|exec:0|csum:E93886058378D7DE57CC11E172E05572
file:..\..\..\..\trbnet\trb_net_sbuf5.vhd|io:i|time:1607027771|size:11732|exec:0|csum:8952D6B7D17E5D6D4EB41DD03320DC3A
file:..\..\..\..\trbnet\trb_net_sbuf6.vhd|io:i|time:1607027771|size:1253|exec:0|csum:3898D81610188280378DAC91DEACD67D
file:..\..\..\..\trbnet\trb_net16_sbuf.vhd|io:i|time:1607027771|size:6575|exec:0|csum:C53DB8BF8AE4C0295AFF884973420543
file:..\..\..\..\trbnet\trb_net_pattern_gen.vhd|io:i|time:1607027771|size:959|exec:0|csum:509152F09C37CC05805C8744BB47281A
file:..\..\..\..\trbnet\basics\rom_16x8.vhd|io:i|time:1607027769|size:1296|exec:0|csum:18594F469770F95392E1E342BFC709A7
file:..\..\..\..\trbnet\trb_net16_regIO.vhd|io:i|time:1607027771|size:45945|exec:0|csum:67DA236E80A4A20EAACF6A13AEE57B4F
file:..\..\..\..\trbnet\trb_net16_regio_bus_handler.vhd|io:i|time:1607027771|size:8023|exec:0|csum:E49D6763EB106B9421D8BB6F59AA066C
file:..\..\..\..\trbnet\trb_net16_regio_bus_handler_record.vhd|io:i|time:1607027771|size:7400|exec:0|csum:44FB2C1FDBA2AA569CEE318AF8A90D12
file:..\..\..\..\trbnet\trb_net_priority_encoder.vhd|io:i|time:1607027771|size:1533|exec:0|csum:F5514C9390011009B5AE7E8D1257C96E
file:..\..\..\..\trbnet\trb_net_dummy_fifo.vhd|io:i|time:1607027771|size:2231|exec:0|csum:F85CD6516BD80CC0B69867C9F202BBCC
file:..\..\..\..\trbnet\trb_net16_dummy_fifo.vhd|io:i|time:1607027771|size:2124|exec:0|csum:CF05FCDD447AE82CAD5E2F24BD592EDC
file:..\..\..\..\trbnet\trb_net16_term_ibuf.vhd|io:i|time:1607027771|size:7073|exec:0|csum:40CEBA699FC89243BD6E9E032CFD0634
file:..\..\..\..\trbnet\trb_net_priority_arbiter.vhd|io:i|time:1607027771|size:6642|exec:0|csum:CA04E524A264B658D533F067652FE8A6
file:..\..\..\..\trbnet\trb_net16_obuf_nodata.vhd|io:i|time:1607027771|size:4590|exec:0|csum:1104F75637F593A96BC15FBA47F92986
file:..\..\..\..\trbnet\trb_net16_obuf.vhd|io:i|time:1607027771|size:23517|exec:0|csum:46BB848F11C40F0D09835B6C6D41E023
file:..\..\..\..\trbnet\lattice\ecp3\trb_net16_fifo_arch.vhd|io:i|time:1607027770|size:5077|exec:0|csum:089035411F986B78C561BE3E6098A5CF
file:..\..\..\..\trbnet\trb_net16_ibuf.vhd|io:i|time:1607027771|size:21101|exec:0|csum:5243B4CBFBE384F32EE539D89902EE26
file:..\..\..\..\trbnet\trb_net16_iobuf.vhd|io:i|time:1607027771|size:13118|exec:0|csum:7F761A0E6A6180A1A3D45A42AE34D285
file:..\..\..\..\trbnet\trb_net16_api_base.vhd|io:i|time:1607027771|size:43665|exec:0|csum:19D979FF4A1F18FCF398401CD962B5EB
file:..\..\..\..\trbnet\trb_net16_io_multiplexer.vhd|io:i|time:1607027771|size:14600|exec:0|csum:E03B221F241545CD799211459ACA9ADB
file:..\..\..\..\trbnet\trb_net16_trigger.vhd|io:i|time:1607027771|size:9456|exec:0|csum:FA493B40A9BD9DD086AFD9873D7D9377
file:..\..\..\..\trbnet\trb_net16_ipudata.vhd|io:i|time:1607027771|size:13959|exec:0|csum:D8E1452FF49D1D22ED3E763110AEE3A3
file:..\..\..\..\trbnet\special\handler_lvl1.vhd|io:i|time:1607027771|size:26953|exec:0|csum:58D7F20C89288F1A04B25DDB42CE6512
file:..\..\..\..\trbnet\trb_net16_endpoint_hades_full.vhd|io:i|time:1607027771|size:56802|exec:0|csum:6301A02E1CE287D4B3198BEB626AD510
file:..\..\..\..\trbnet\lattice\ecp3\lattice_ecp2m_fifo.vhd|io:i|time:1607027770|size:11364|exec:0|csum:9CBDA908599FB654D925A9E7A9FFADE7
file:..\..\..\..\trbnet\lattice\ecp2m\fifo\fifo_var_oreg.vhd|io:i|time:1607027770|size:8313|exec:0|csum:D61678AA7F4E58BE4C2755B8D5A471C7
file:..\..\..\..\trbnet\special\handler_data.vhd|io:i|time:1607027771|size:21944|exec:0|csum:0CDC51058806761972FBFF359536407B
file:..\..\..\..\trbnet\special\handler_ipu.vhd|io:i|time:1607027771|size:20394|exec:0|csum:2B1A1ED59AB210C2BE1ADDBCFF187F14
file:..\..\..\..\trbnet\special\handler_trigger_and_data.vhd|io:i|time:1607027771|size:16390|exec:0|csum:C1260FAE44A96A1D6DD97BCD935ABEE9
file:..\..\..\..\trbnet\special\bus_register_handler.vhd|io:i|time:1607027771|size:2335|exec:0|csum:05C94B09F95E10D8419ECFD41E1DD6DE
file:..\..\..\..\trbnet\trb_net16_endpoint_hades_full_handler_record.vhd|io:i|time:1607027771|size:28298|exec:0|csum:5E7994265D620C32327309097676B0E5
file:..\..\..\..\trbnet\basics\ram.vhd|io:i|time:1607027769|size:858|exec:0|csum:02DDB7C5578F1285364FE58E84ED5C93
file:..\..\..\..\trbnet\basics\ram_16x8_dp.vhd|io:i|time:1607027769|size:1452|exec:0|csum:FD5E1312AA1986173AF92F11D474F9A4
file:..\..\..\..\trbnet\basics\ram_dp.vhd|io:i|time:1607027769|size:1113|exec:0|csum:CEDC8FF96F173800F404D2D6F829536C
file:..\..\..\..\trbnet\basics\ram_dp_rw.vhd|io:i|time:1607027769|size:1058|exec:0|csum:C0CDF5BCE762B08FD57EFF78B0728013
file:..\..\..\..\trbnet\special\spi_slim.vhd|io:i|time:1607027771|size:24438|exec:0|csum:E7028EDBAFF2895F6879ECE3B5D04CB2
file:..\..\..\..\trbnet\special\spi_master.vhd|io:i|time:1607027771|size:9382|exec:0|csum:FD8F9833FAD191A0FBE1E0F8A90D36FA
file:..\..\..\..\trbnet\special\spi_databus_memory.vhd|io:i|time:1607027771|size:4575|exec:0|csum:8C7A4E3589AC842AD59A336003A4FC65
file:..\..\..\..\trbnet\special\spi_flash_and_fpga_reload_record.vhd|io:i|time:1607027771|size:5751|exec:0|csum:64B7B581F0AA40D20DEED401539DBC88
file:..\..\..\..\trbnet\lattice\ecp3\trb_net_fifo_16bit_bram_dualport.vhd|io:i|time:1607027770|size:2045|exec:0|csum:76076782089F2CD50741D2DF5B8A1AEB
file:..\..\..\..\trbnet\media_interfaces\trb_net16_lsm_sfp.vhd|io:i|time:1607027771|size:16840|exec:0|csum:7FBB37CC014682BFC22D0059497D1B4A
file:..\..\..\..\trbnet\media_interfaces\trb_net16_med_ecp3_sfp.vhd|io:i|time:1607027771|size:36393|exec:0|csum:E2391FE5F12885DBE3157924FA74FE37
file:..\..\..\..\trb3sc\code\lcd.vhd|io:i|time:1607027769|size:25688|exec:0|csum:59D419437B96512FF0FDB04C2C870BFF
file:..\..\..\..\trb3sc\code\debuguart.vhd|io:i|time:1607027769|size:5842|exec:0|csum:189B0C81CA7C3E49844CCE18DBD7ECBE
file:..\..\..\..\trbnet\special\uart.vhd|io:i|time:1607027771|size:5148|exec:0|csum:B79A0164B9C62F1F9BDD6230FC085D8E
file:..\..\..\..\trb3sc\code\spi_master_generic.vhd|io:i|time:1607027769|size:4665|exec:0|csum:DA3787FA6E9AA4B8E51EED19CA60636D
file:..\..\..\..\trb3sc\code\load_settings.vhd|io:i|time:1607027769|size:21227|exec:0|csum:663E1DF105E4D3376D10A77A5DB1A98D
file:..\..\..\..\trb3\base\code\input_to_trigger_logic_record.vhd|io:i|time:1607027766|size:11601|exec:0|csum:A6E858AEC21909877DCA91DB06E367D3
file:..\..\..\..\trb3\base\code\input_statistics.vhd|io:i|time:1607027766|size:11019|exec:0|csum:443B4C2B0B2725850F6289E6A013B993
file:..\..\..\..\trb3\base\code\sedcheck.vhd|io:i|time:1607027766|size:6808|exec:0|csum:C90FC6052D71664339280C184884C274
file:..\..\..\..\trb3\base\code\trb3_tools.vhd|io:i|time:1607027766|size:11486|exec:0|csum:789D526AC8A581EE1A381D096BEB693B
file:..\..\..\trb3_periph_blank.vhd|io:i|time:1607566798|size:21415|exec:0|csum:CEF936537FC83C72C308C67025BFD2D1
file:..\..\..\..\..\..\..\lscc\diamond\diamond\3.10_x64\synpbase\lib\lucent\ecp3.v|io:i|time:1501907016|size:120358|exec:0|csum:F208FEAD6A60D513D8B1D8E9E06EFAAD
file:..\..\..\..\..\..\..\lscc\diamond\diamond\3.10_x64\synpbase\lib\lucent\pmi_def.v|io:i|time:1501907016|size:40584|exec:0|csum:530CC5906D70AB3C6A4AA0861AC94BDF
file:..\..\..\workdir\Cpll.v|io:i|time:1607027773|size:3042|exec:0|csum:F39EDA1DFC391756102DBF2CD5B17421
file:..\..\..\workdir\Cpll0.v|io:i|time:1607027773|size:3526|exec:0|csum:54E2EE6FCEB0E993ED71CDB35F2D3E4D
file:..\..\..\workdir\Cpll1.v|io:i|time:1607027773|size:3321|exec:0|csum:FF1F9D6DD1188F4071EC66CD7C119B6B
file:..\..\..\workdir\Cpll2.v|io:i|time:1607027773|size:2870|exec:0|csum:2109461D9C190E3E31E56C324186C66A
file:..\..\..\workdir\Cpll3.v|io:i|time:1607027773|size:2876|exec:0|csum:84FC17BECCBF58EAB0EA36D79363E921
file:..\..\..\workdir\Cpll4.v|io:i|time:1607027773|size:2876|exec:0|csum:1473C7E60D0AF0272CA0501AFE6D43B5
file:..\..\..\workdir\LA_FIFO.v|io:i|time:1607027773|size:56111|exec:0|csum:7175FB1AA939A8B9F43CBF7F52C03EE0
file:..\..\..\workdir\readoutfifo.v|io:i|time:1607027773|size:27462|exec:0|csum:684070EFABA28916EB7E2D2B0AC258A7
file:..\..\..\Source\Ch48.v|io:i|time:1607539553|size:20337|exec:0|csum:F5DA0D3E52EE92F4E564158090B4397F
file:..\..\..\Source\ClockGen.v|io:i|time:1607027773|size:4582|exec:0|csum:0E1263E6A31A11111B9DFA947BB584A2
file:..\..\..\Source\comnet.v|io:i|time:1607027773|size:2917|exec:0|csum:7BF597A60B5A54260D09E9262BA43337
file:..\..\..\Source\ComTrans.v|io:i|time:1607027773|size:3770|exec:0|csum:611F16516E16C5030F21773763530042
file:..\..\..\Source\DeBounce_v.v|io:i|time:1607027773|size:896|exec:0|csum:1C14EB13240AD81B3C3B00912A47A6E4
file:..\..\..\Source\FineTimeBit.v|io:i|time:1607027773|size:6476|exec:0|csum:3860309F6A665DFC709024997F428E0C
file:..\..\..\Source\hit_cntr.v|io:i|time:1607027773|size:5003|exec:0|csum:9AD6A93907463A20B536C84E76202AD6
file:..\..\..\Source\Input_Reg.v|io:i|time:1607441715|size:1019|exec:0|csum:8AF4EA33E3D8059DB4EBE522C7A597A5
file:..\..\..\Source\InputBit.v|io:i|time:1607027773|size:446|exec:0|csum:87538C85BFDF203D22E6D821775F79C9
file:..\..\..\Source\Lanalyzer.v|io:i|time:1607027773|size:2172|exec:0|csum:F6068CE693BE7A7FD468371E6A682F5D
file:..\..\..\Source\Lanalyzer0.v|io:i|time:1607027773|size:2203|exec:0|csum:B49D767368C12B3E77A68A8C009A87D7
file:..\..\..\Source\leds.v|io:i|time:1607027773|size:925|exec:0|csum:E95E754AE55430DEB32752B7C4366244
file:..\..\..\Source\Ltch8.v|io:i|time:1607027773|size:1206|exec:0|csum:FC5605EDDE15B0C5C8AAF20FDD091439
file:..\..\..\Source\Ltch32.v|io:i|time:1607027773|size:2861|exec:0|csum:116BC7B9D617555441968E0EB16081C4
file:..\..\..\Source\Ltch33.v|io:i|time:1607027773|size:2929|exec:0|csum:86B58DFF2DE333988DC0EC59D6C6A89C
file:..\..\..\Source\Ltch42.v|io:i|time:1607027773|size:3541|exec:0|csum:5B53A447885577F5580C3E7454930A04
file:..\..\..\Source\Ltch40.v|io:i|time:1607027773|size:3473|exec:0|csum:F39350B859550C25B966749CCF2FE286
file:..\..\..\Source\Mux3x32.v|io:i|time:1607027773|size:868|exec:0|csum:6B49FC0484517FD916FAC50AF8BE55BD
file:..\..\..\Source\Mux16x32.v|io:i|time:1607027773|size:1502|exec:0|csum:2518966E050E708B8A2236F1DE5DB464
file:..\..\..\Source\Register.v|io:i|time:1607027773|size:1777|exec:0|csum:33DB25225CD417CD6AED5C5AD64D5712
file:..\..\..\Source\SFineTimeBit.v|io:i|time:1607027773|size:7626|exec:0|csum:AF8739492575AB99FCC1CAB2ADB92AEE
file:..\..\..\Source\SFineTimeBit0.v|io:i|time:1607027773|size:7840|exec:0|csum:683ED1E4E68FED80BAE1AC65381CDA2A
file:..\..\..\Source\SFineTimeBit1.v|io:i|time:1607027773|size:7792|exec:0|csum:6AC8BA088F022A3C9D3BF78343EA4E86
file:..\..\..\Source\SFineTimeBit2.v|io:i|time:1607027773|size:7843|exec:0|csum:FD7539BC7D42ABB36D28E8EE2F0AD7BC
file:..\..\..\Source\SFineTimeBit3.v|io:i|time:1607027773|size:7792|exec:0|csum:CFE959482E684DDD5FB048F029AFFB62
file:..\..\..\Source\SFineTimeBit4.v|io:i|time:1607027773|size:7792|exec:0|csum:46E603761653C358F843C5FCEA10CB90
file:..\..\..\Source\SFineTimeBit5.v|io:i|time:1607027773|size:7792|exec:0|csum:6EC060BCD3D6200F2D3E5BE587D2A502
file:..\..\..\Source\Shift40.v|io:i|time:1607027773|size:1110|exec:0|csum:1EC88789F8115B3401DCBAFCACAD0C62
file:..\..\..\Source\Shift42.v|io:i|time:1607027773|size:1179|exec:0|csum:78D964FAF01C9FD5143E7E1EE0F71A9A
file:..\..\..\Source\Shiftout32.v|io:i|time:1607027773|size:1374|exec:0|csum:0A6BA44A9E053012B8603E111A00F75C
file:..\..\..\Source\StrSt.v|io:i|time:1607027773|size:977|exec:0|csum:66507B9D5C7F69552F2FBE031C54F79E
file:..\..\..\Source\sync_cntr.v|io:i|time:1607027773|size:1385|exec:0|csum:0B3C86F9A22116B8902163C89C381540
file:..\..\..\Source\timestatics.v|io:i|time:1607027773|size:3117|exec:0|csum:8F00D7876207D04D732F5EF000E702BF
file:..\..\..\Source\TriggerTDC.v|io:i|time:1607539553|size:4110|exec:0|csum:EE7768045C42685E76ADCB3E8051C99A
file:..\..\..\Source\TriggerTDCTop.v|io:i|time:1607441715|size:5017|exec:0|csum:2B03135F9927B6B274C7C7322931B197
file:..\..\..\Source\wcomp.v|io:i|time:1607027773|size:1243|exec:0|csum:4624A7F0CB38C427FFFEDCD3572D7A26
file:..\..\..\Source\Teststate.v|io:i|time:1607027773|size:2113|exec:0|csum:7EF18B92F3D118970A8D4A7B5EDA7B71
file:..\..\..\Source\Shift33.v|io:i|time:1607027773|size:982|exec:0|csum:E5B34DB26E1C85A3ACF2A740D2F3C003
file:..\..\ch32.v|io:i|time:1607539553|size:19312|exec:0|csum:1D9298551B774B16760FF5B784E578BF
file:..\..\..\..\..\..\..\lscc\diamond\diamond\3.10_x64\synpbase\bin64\c_hdl.exe|io:i|time:1501902758|size:5526016|exec:1|csum:B0FC75282263C9BC65A760D01C67ECBA
