UUUUUUUUUUUUUUUUUUUUUUUUUUUUUUUU UUUUUUUUUUUUUUUUUUUUUUUUUUUUUUUU
UUUUUUUUUUUUUUUUUUUUUUUUUUUUUUUU UUUUUUUUUUUUUUUUUUUUUUUUUUUUUUUU
UUUUUUUUUUUUUUUUUUUUUUUUUUUUUUUU UUUUUUUUUUUUUUUUUUUUUUUUUUUUUUUU
UUUUUUUUUUUUUUUUUUUUUUUUUUUUUUUU UUUUUUUUUUUUUUUUUUUUUUUUUUUUUUUU
UUUUUUUUUUUUUUUUUUUUUUUUUUUUUUUU UUUUUUUUUUUUUUUUUUUUUUUUUUUUUUUU
UUUUUUUUUUUUUUUUUUUUUUUUUUUUUUUU UUUUUUUUUUUUUUUUUUUUUUUUUUUUUUUU
UUUUUUUUUUUUUUUUUUUUUUUUUUUUUUUU UUUUUUUUUUUUUUUUUUUUUUUUUUUUUUUU
00000000000000000000000000000001 00000000000000000000000000000001
10000000000000100001000000000000 10000000000000111110000000000000
10000000000000100111000000000001 10000000000001001010000000000001
10000000000001000010000000000010 10000000000001111110000000000010
10000001100000000011000000000011 10000001100000000100000000000011
10000000001000001100000000000001 10000000001111101000000000000001
10000001100000000100000000000100 10000001100000000110000000000100
10000001100000000001000000000001 10000001100000000000000000000001
10000001100000000010000000000010 10000001100000000010000000000010
10000001101000001010000000000011 10000001101111101000000000000011
10000001100000001010000000000100 10000001100000010001000000000100
10000001100000001110000000000101 10000001100000011001000000000101
10000000000000000110000000000110 10000000000000001010000000000110
10000000000000000111000000000111 10000000000000001100000000000111
10000000000000001000000000000111 10000000000000001110000000000111
10000001100000001001000000000111 10000001100000001111000000000111
10000000000000001010000000000111 10000000000000010001000000000111
10000001100000001011000000000111 10000001100000010011000000000111
10000000000000001100000000000111 10000000000000010101000000000111
10000001100000001101000000000111 10000001100000010111000000000111
00000000000000000000000000000001 00000000000000000000000000000001
10000000000000100001000000000000 10000000000000111110000000000000
10000000000000100111000000000001 10000000000001000000000000000001
10000000000001000010000000000010 10000000000001110100000000000010
10000001100000000011000000000011 10000001100000000100000000000011
10000000001000001100000000000001 10000000001111101000000000000001
10000001100000000100000000000100 10000001100000000110000000000100
10000001100000000001000000000001 10000001100000000000000000000001
10000001100000000010000000000010 10000001100000000010000000000010
10000001101000001010000000000011 10000001101111101000000000000011
10000001100000001010000000000100 10000001100000010001000000000100
10000001100000001110000000000101 10000001100000011001000000000101
10000000000000000110000000000110 10000000000000000000000000000110
10000000000000000111000000000111 10000000000000000000000000000111
