Running in Lattice mode

Starting:    C:\lscc\diamond\3.10_x64\synpbase\bin64\mbin\synbatch.exe
Install:     C:\lscc\diamond\3.10_x64\synpbase
Hostname:    DESKTOP-DM3J0OT
Date:        Fri Mar 22 17:08:04 2019
Version:     M-2017.03L-SP1-1

Arguments:   -product synplify_pro -batch blank_trb3_periph_blank_synplify.tcl
ProductType: synplify_pro




Copied E:\FPGA\trigger_FPGA_MUSE\trig_MUSE__Cosmic_orAll\project\trb3_periph_blank\blank_trb3_periph_blank.srr to E:\FPGA\trigger_FPGA_MUSE\trig_MUSE__Cosmic_orAll\project\trb3_periph_blank\backup\blank_trb3_periph_blank.srr
log file: "E:\FPGA\trigger_FPGA_MUSE\trig_MUSE__Cosmic_orAll\project\trb3_periph_blank\blank_trb3_periph_blank.srr"
Running: hdl_info_gen in foreground

Generating HDL info...

hdl_info_gen completed
# Fri Mar 22 17:08:20 2019

Return Code: 0
Run Time:00h:00m:12s
Copied E:\FPGA\trigger_FPGA_MUSE\trig_MUSE__Cosmic_orAll\project\trb3_periph_blank\blank_trb3_periph_blank.srr to E:\FPGA\trigger_FPGA_MUSE\trig_MUSE__Cosmic_orAll\project\trb3_periph_blank\blank_trb3_periph_blank.srf
log file: "E:\FPGA\trigger_FPGA_MUSE\trig_MUSE__Cosmic_orAll\project\trb3_periph_blank\blank_trb3_periph_blank.srr"
Running: trb3_periph_blank in foreground

Running proj_1|trb3_periph_blank

Running: compile (Compile) on proj_1|trb3_periph_blank
# Fri Mar 22 17:08:23 2019

Running: compile_flow (Compile Process) on proj_1|trb3_periph_blank
# Fri Mar 22 17:08:23 2019

Running: compiler (Compile Input) on proj_1|trb3_periph_blank
# Fri Mar 22 17:08:23 2019
Copied E:\FPGA\trigger_FPGA_MUSE\trig_MUSE__Cosmic_orAll\project\trb3_periph_blank\synwork\blank_trb3_periph_blank_comp.srs to E:\FPGA\trigger_FPGA_MUSE\trig_MUSE__Cosmic_orAll\project\trb3_periph_blank\blank_trb3_periph_blank.srs

compiler completed
# Fri Mar 22 17:09:09 2019

Return Code: 0
Run Time:00h:00m:46s

Running: multi_srs_gen (Multi-srs Generator) on proj_1|trb3_periph_blank
# Fri Mar 22 17:09:10 2019

multi_srs_gen completed
# Fri Mar 22 17:09:13 2019

Return Code: 0
Run Time:00h:00m:03s
Copied E:\FPGA\trigger_FPGA_MUSE\trig_MUSE__Cosmic_orAll\project\trb3_periph_blank\synwork\blank_trb3_periph_blank_mult.srs to E:\FPGA\trigger_FPGA_MUSE\trig_MUSE__Cosmic_orAll\project\trb3_periph_blank\blank_trb3_periph_blank.srs
Copied E:\FPGA\trigger_FPGA_MUSE\trig_MUSE__Cosmic_orAll\project\trb3_periph_blank\blank_trb3_periph_blank.srr to E:\FPGA\trigger_FPGA_MUSE\trig_MUSE__Cosmic_orAll\project\trb3_periph_blank\blank_trb3_periph_blank.srf
Complete: Compile Process on proj_1|trb3_periph_blank

Running: premap (Pre-mapping) on proj_1|trb3_periph_blank
# Fri Mar 22 17:09:13 2019

premap completed with warnings
# Fri Mar 22 17:09:31 2019

Return Code: 1
Run Time:00h:00m:18s
Complete: Compile on proj_1|trb3_periph_blank

Running: map (Map) on proj_1|trb3_periph_blank
# Fri Mar 22 17:09:32 2019
License granted for 4 parallel jobs

Running: fpga_mapper (Map & Optimize) on proj_1|trb3_periph_blank
# Fri Mar 22 17:09:32 2019
Copied E:\FPGA\trigger_FPGA_MUSE\trig_MUSE__Cosmic_orAll\project\trb3_periph_blank\synwork\blank_trb3_periph_blank_m.srm to E:\FPGA\trigger_FPGA_MUSE\trig_MUSE__Cosmic_orAll\project\trb3_periph_blank\blank_trb3_periph_blank.srm

fpga_mapper completed with warnings
# Fri Mar 22 17:13:56 2019

Return Code: 1
Run Time:00h:04m:24s
Complete: Map on proj_1|trb3_periph_blank
Copied E:\FPGA\trigger_FPGA_MUSE\trig_MUSE__Cosmic_orAll\project\trb3_periph_blank\blank_trb3_periph_blank.srr to E:\FPGA\trigger_FPGA_MUSE\trig_MUSE__Cosmic_orAll\project\trb3_periph_blank\blank_trb3_periph_blank.srf
Complete: Logic Synthesis on proj_1|trb3_periph_blank
TCL script complete: "blank_trb3_periph_blank_synplify.tcl"
exit status=0
exit status=0
Save changes for project:
E:\FPGA\trigger_FPGA_MUSE\trig_MUSE__Cosmic_orAll\project\trb3_periph_blank\proj_1.prj
batch mode default:no
